{"/Users/harshpatel/Documents/kcl/year_3/PRJ/code/disso/src/App.tsx": {"path":"/Users/harshpatel/Documents/kcl/year_3/PRJ/code/disso/src/App.tsx","all":true,"statementMap":{"0":{"start":{"line":1,"column":0},"end":{"line":1,"column":48}},"1":{"start":{"line":2,"column":0},"end":{"line":2,"column":75}},"2":{"start":{"line":3,"column":0},"end":{"line":3,"column":51}},"3":{"start":{"line":4,"column":0},"end":{"line":4,"column":53}},"4":{"start":{"line":5,"column":0},"end":{"line":5,"column":60}},"6":{"start":{"line":7,"column":0},"end":{"line":7,"column":16}},"7":{"start":{"line":8,"column":0},"end":{"line":8,"column":10}},"8":{"start":{"line":9,"column":0},"end":{"line":9,"column":17}},"9":{"start":{"line":10,"column":0},"end":{"line":10,"column":28}},"10":{"start":{"line":11,"column":0},"end":{"line":11,"column":48}},"11":{"start":{"line":12,"column":0},"end":{"line":12,"column":20}},"12":{"start":{"line":13,"column":0},"end":{"line":13,"column":55}},"13":{"start":{"line":14,"column":0},"end":{"line":14,"column":23}},"14":{"start":{"line":15,"column":0},"end":{"line":15,"column":46}},"15":{"start":{"line":16,"column":0},"end":{"line":16,"column":29}},"16":{"start":{"line":17,"column":0},"end":{"line":17,"column":19}},"17":{"start":{"line":18,"column":0},"end":{"line":18,"column":16}},"18":{"start":{"line":19,"column":0},"end":{"line":19,"column":14}},"19":{"start":{"line":20,"column":0},"end":{"line":20,"column":29}},"20":{"start":{"line":21,"column":0},"end":{"line":21,"column":18}},"22":{"start":{"line":23,"column":0},"end":{"line":23,"column":1}},"24":{"start":{"line":25,"column":0},"end":{"line":25,"column":18}}},"s":{"0":0,"1":0,"2":0,"3":0,"4":0,"6":0,"7":0,"8":0,"9":0,"10":0,"11":0,"12":0,"13":0,"14":0,"15":0,"16":0,"17":0,"18":0,"19":0,"20":0,"22":0,"24":0},"branchMap":{"0":{"type":"branch","line":1,"loc":{"start":{"line":1,"column":721},"end":{"line":25,"column":18}},"locations":[{"start":{"line":1,"column":721},"end":{"line":25,"column":18}}]}},"b":{"0":[0]},"fnMap":{"0":{"name":"(empty-report)","decl":{"start":{"line":1,"column":721},"end":{"line":25,"column":18}},"loc":{"start":{"line":1,"column":721},"end":{"line":25,"column":18}},"line":1}},"f":{"0":0}}
,"/Users/harshpatel/Documents/kcl/year_3/PRJ/code/disso/src/main.tsx": {"path":"/Users/harshpatel/Documents/kcl/year_3/PRJ/code/disso/src/main.tsx","all":true,"statementMap":{"0":{"start":{"line":1,"column":0},"end":{"line":1,"column":34}},"1":{"start":{"line":2,"column":0},"end":{"line":2,"column":45}},"2":{"start":{"line":3,"column":0},"end":{"line":3,"column":20}},"3":{"start":{"line":4,"column":0},"end":{"line":4,"column":27}},"5":{"start":{"line":6,"column":0},"end":{"line":6,"column":52}},"6":{"start":{"line":7,"column":0},"end":{"line":7,"column":14}},"7":{"start":{"line":8,"column":0},"end":{"line":8,"column":11}},"8":{"start":{"line":9,"column":0},"end":{"line":9,"column":16}},"9":{"start":{"line":10,"column":0},"end":{"line":10,"column":1}}},"s":{"0":0,"1":0,"2":0,"3":0,"5":0,"6":0,"7":0,"8":0,"9":0},"branchMap":{"0":{"type":"branch","line":1,"loc":{"start":{"line":1,"column":203},"end":{"line":10,"column":-148}},"locations":[{"start":{"line":1,"column":203},"end":{"line":10,"column":-148}}]}},"b":{"0":[0]},"fnMap":{"0":{"name":"(empty-report)","decl":{"start":{"line":1,"column":203},"end":{"line":10,"column":-148}},"loc":{"start":{"line":1,"column":203},"end":{"line":10,"column":-148}},"line":1}},"f":{"0":0}}
,"/Users/harshpatel/Documents/kcl/year_3/PRJ/code/disso/src/components/common/Button.tsx": {"path":"/Users/harshpatel/Documents/kcl/year_3/PRJ/code/disso/src/components/common/Button.tsx","all":false,"statementMap":{"10":{"start":{"line":11,"column":0},"end":{"line":11,"column":49}},"11":{"start":{"line":12,"column":0},"end":{"line":12,"column":10}},"12":{"start":{"line":13,"column":0},"end":{"line":13,"column":68}},"13":{"start":{"line":14,"column":0},"end":{"line":14,"column":12}},"14":{"start":{"line":15,"column":0},"end":{"line":15,"column":94}},"15":{"start":{"line":16,"column":0},"end":{"line":16,"column":9}},"16":{"start":{"line":17,"column":0},"end":{"line":17,"column":65}},"17":{"start":{"line":18,"column":0},"end":{"line":18,"column":8}},"18":{"start":{"line":19,"column":0},"end":{"line":19,"column":76}},"19":{"start":{"line":20,"column":0},"end":{"line":20,"column":1}},"21":{"start":{"line":22,"column":0},"end":{"line":22,"column":43}},"22":{"start":{"line":23,"column":0},"end":{"line":23,"column":26}},"23":{"start":{"line":24,"column":0},"end":{"line":24,"column":28}},"24":{"start":{"line":25,"column":0},"end":{"line":25,"column":28}},"25":{"start":{"line":26,"column":0},"end":{"line":26,"column":1}},"27":{"start":{"line":28,"column":0},"end":{"line":28,"column":24}},"28":{"start":{"line":29,"column":0},"end":{"line":29,"column":22}},"29":{"start":{"line":30,"column":0},"end":{"line":30,"column":14}},"30":{"start":{"line":31,"column":0},"end":{"line":31,"column":17}},"31":{"start":{"line":32,"column":0},"end":{"line":32,"column":11}},"32":{"start":{"line":33,"column":0},"end":{"line":33,"column":10}},"33":{"start":{"line":34,"column":0},"end":{"line":34,"column":17}},"34":{"start":{"line":35,"column":0},"end":{"line":35,"column":10}},"35":{"start":{"line":36,"column":0},"end":{"line":36,"column":11}},"36":{"start":{"line":37,"column":0},"end":{"line":37,"column":161}},"37":{"start":{"line":38,"column":0},"end":{"line":38,"column":16}},"39":{"start":{"line":40,"column":0},"end":{"line":40,"column":16}},"40":{"start":{"line":41,"column":0},"end":{"line":41,"column":13}},"42":{"start":{"line":43,"column":0},"end":{"line":43,"column":1}}},"s":{"10":1,"11":1,"12":1,"13":1,"14":1,"15":1,"16":1,"17":1,"18":1,"19":1,"21":1,"22":1,"23":1,"24":1,"25":1,"27":1,"28":117,"29":117,"30":117,"31":117,"32":117,"33":117,"34":117,"35":117,"36":117,"37":117,"39":117,"40":117,"42":117},"branchMap":{"0":{"type":"branch","line":28,"loc":{"start":{"line":28,"column":7},"end":{"line":43,"column":1}},"locations":[{"start":{"line":28,"column":7},"end":{"line":43,"column":1}}]}},"b":{"0":[117]},"fnMap":{"0":{"name":"Button","decl":{"start":{"line":28,"column":7},"end":{"line":43,"column":1}},"loc":{"start":{"line":28,"column":7},"end":{"line":43,"column":1}},"line":28}},"f":{"0":117}}
,"/Users/harshpatel/Documents/kcl/year_3/PRJ/code/disso/src/components/common/Input.tsx": {"path":"/Users/harshpatel/Documents/kcl/year_3/PRJ/code/disso/src/components/common/Input.tsx","all":true,"statementMap":{"7":{"start":{"line":8,"column":0},"end":{"line":8,"column":79}},"8":{"start":{"line":9,"column":0},"end":{"line":9,"column":10}},"9":{"start":{"line":10,"column":0},"end":{"line":10,"column":41}},"10":{"start":{"line":11,"column":0},"end":{"line":11,"column":17}},"11":{"start":{"line":12,"column":0},"end":{"line":12,"column":76}},"13":{"start":{"line":14,"column":0},"end":{"line":14,"column":12}},"14":{"start":{"line":15,"column":0},"end":{"line":15,"column":143}},"15":{"start":{"line":16,"column":0},"end":{"line":16,"column":54}},"16":{"start":{"line":17,"column":0},"end":{"line":17,"column":24}},"17":{"start":{"line":18,"column":0},"end":{"line":18,"column":18}},"18":{"start":{"line":19,"column":0},"end":{"line":19,"column":8}},"19":{"start":{"line":20,"column":0},"end":{"line":20,"column":70}},"20":{"start":{"line":21,"column":0},"end":{"line":21,"column":10}},"22":{"start":{"line":23,"column":0},"end":{"line":23,"column":1}}},"s":{"7":0,"8":0,"9":0,"10":0,"11":0,"13":0,"14":0,"15":0,"16":0,"17":0,"18":0,"19":0,"20":0,"22":0},"branchMap":{"0":{"type":"branch","line":1,"loc":{"start":{"line":1,"column":745},"end":{"line":23,"column":1}},"locations":[{"start":{"line":1,"column":745},"end":{"line":23,"column":1}}]}},"b":{"0":[1]},"fnMap":{"0":{"name":"(empty-report)","decl":{"start":{"line":1,"column":745},"end":{"line":23,"column":1}},"loc":{"start":{"line":1,"column":745},"end":{"line":23,"column":1}},"line":1}},"f":{"0":1}}
,"/Users/harshpatel/Documents/kcl/year_3/PRJ/code/disso/src/components/conversion/ConversionPanel.tsx": {"path":"/Users/harshpatel/Documents/kcl/year_3/PRJ/code/disso/src/components/conversion/ConversionPanel.tsx","all":true,"statementMap":{"0":{"start":{"line":1,"column":0},"end":{"line":1,"column":57}},"1":{"start":{"line":2,"column":0},"end":{"line":2,"column":47}},"2":{"start":{"line":3,"column":0},"end":{"line":3,"column":49}},"3":{"start":{"line":4,"column":0},"end":{"line":4,"column":41}},"5":{"start":{"line":6,"column":0},"end":{"line":6,"column":35}},"6":{"start":{"line":7,"column":0},"end":{"line":7,"column":9}},"7":{"start":{"line":8,"column":0},"end":{"line":8,"column":10}},"8":{"start":{"line":9,"column":0},"end":{"line":9,"column":15}},"9":{"start":{"line":10,"column":0},"end":{"line":10,"column":12}},"10":{"start":{"line":11,"column":0},"end":{"line":11,"column":21}},"11":{"start":{"line":12,"column":0},"end":{"line":12,"column":23}},"12":{"start":{"line":13,"column":0},"end":{"line":13,"column":21}},"13":{"start":{"line":14,"column":0},"end":{"line":14,"column":18}},"14":{"start":{"line":15,"column":0},"end":{"line":15,"column":8}},"15":{"start":{"line":16,"column":0},"end":{"line":16,"column":24}},"16":{"start":{"line":17,"column":0},"end":{"line":17,"column":22}},"17":{"start":{"line":18,"column":0},"end":{"line":18,"column":25}},"18":{"start":{"line":19,"column":0},"end":{"line":19,"column":20}},"19":{"start":{"line":20,"column":0},"end":{"line":20,"column":21}},"21":{"start":{"line":22,"column":0},"end":{"line":22,"column":61}},"23":{"start":{"line":24,"column":0},"end":{"line":24,"column":47}},"24":{"start":{"line":25,"column":0},"end":{"line":25,"column":27}},"25":{"start":{"line":26,"column":0},"end":{"line":26,"column":24}},"26":{"start":{"line":27,"column":0},"end":{"line":27,"column":67}},"27":{"start":{"line":28,"column":0},"end":{"line":28,"column":10}},"29":{"start":{"line":30,"column":0},"end":{"line":30,"column":10}},"30":{"start":{"line":31,"column":0},"end":{"line":31,"column":45}},"31":{"start":{"line":32,"column":0},"end":{"line":32,"column":57}},"32":{"start":{"line":33,"column":0},"end":{"line":33,"column":60}},"34":{"start":{"line":35,"column":0},"end":{"line":35,"column":13}},"35":{"start":{"line":36,"column":0},"end":{"line":36,"column":93}},"36":{"start":{"line":37,"column":0},"end":{"line":37,"column":87}},"38":{"start":{"line":39,"column":0},"end":{"line":39,"column":19}},"40":{"start":{"line":41,"column":0},"end":{"line":41,"column":92}},"42":{"start":{"line":43,"column":0},"end":{"line":43,"column":19}},"44":{"start":{"line":45,"column":0},"end":{"line":45,"column":12}},"47":{"start":{"line":48,"column":0},"end":{"line":48,"column":23}},"48":{"start":{"line":49,"column":0},"end":{"line":49,"column":71}},"49":{"start":{"line":50,"column":0},"end":{"line":50,"column":76}},"50":{"start":{"line":51,"column":0},"end":{"line":51,"column":14}},"54":{"start":{"line":55,"column":0},"end":{"line":55,"column":37}},"55":{"start":{"line":56,"column":0},"end":{"line":56,"column":65}},"58":{"start":{"line":59,"column":0},"end":{"line":59,"column":39}},"59":{"start":{"line":60,"column":0},"end":{"line":60,"column":10}},"60":{"start":{"line":61,"column":0},"end":{"line":61,"column":27}},"61":{"start":{"line":62,"column":0},"end":{"line":62,"column":25}},"62":{"start":{"line":63,"column":0},"end":{"line":63,"column":68}},"64":{"start":{"line":65,"column":0},"end":{"line":65,"column":21}},"66":{"start":{"line":67,"column":0},"end":{"line":67,"column":11}},"69":{"start":{"line":70,"column":0},"end":{"line":70,"column":38}},"70":{"start":{"line":71,"column":0},"end":{"line":71,"column":45}},"71":{"start":{"line":72,"column":0},"end":{"line":72,"column":83}},"72":{"start":{"line":73,"column":0},"end":{"line":73,"column":63}},"73":{"start":{"line":74,"column":0},"end":{"line":74,"column":87}},"74":{"start":{"line":75,"column":0},"end":{"line":75,"column":16}},"75":{"start":{"line":76,"column":0},"end":{"line":76,"column":56}},"76":{"start":{"line":77,"column":0},"end":{"line":77,"column":72}},"77":{"start":{"line":78,"column":0},"end":{"line":78,"column":16}},"78":{"start":{"line":79,"column":0},"end":{"line":79,"column":16}},"81":{"start":{"line":82,"column":0},"end":{"line":82,"column":73}},"82":{"start":{"line":83,"column":0},"end":{"line":83,"column":90}},"83":{"start":{"line":84,"column":0},"end":{"line":84,"column":49}},"84":{"start":{"line":85,"column":0},"end":{"line":85,"column":54}},"85":{"start":{"line":86,"column":0},"end":{"line":86,"column":97}},"86":{"start":{"line":87,"column":0},"end":{"line":87,"column":91}},"87":{"start":{"line":88,"column":0},"end":{"line":88,"column":58}},"88":{"start":{"line":89,"column":0},"end":{"line":89,"column":58}},"89":{"start":{"line":90,"column":0},"end":{"line":90,"column":56}},"91":{"start":{"line":92,"column":0},"end":{"line":92,"column":24}},"92":{"start":{"line":93,"column":0},"end":{"line":93,"column":22}},"93":{"start":{"line":94,"column":0},"end":{"line":94,"column":51}},"94":{"start":{"line":95,"column":0},"end":{"line":95,"column":112}},"95":{"start":{"line":96,"column":0},"end":{"line":96,"column":31}},"96":{"start":{"line":97,"column":0},"end":{"line":97,"column":82}},"97":{"start":{"line":98,"column":0},"end":{"line":98,"column":37}},"98":{"start":{"line":99,"column":0},"end":{"line":99,"column":54}},"99":{"start":{"line":100,"column":0},"end":{"line":100,"column":41}},"100":{"start":{"line":101,"column":0},"end":{"line":101,"column":23}},"102":{"start":{"line":103,"column":0},"end":{"line":103,"column":54}},"103":{"start":{"line":104,"column":0},"end":{"line":104,"column":80}},"104":{"start":{"line":105,"column":0},"end":{"line":105,"column":79}},"105":{"start":{"line":106,"column":0},"end":{"line":106,"column":77}},"106":{"start":{"line":107,"column":0},"end":{"line":107,"column":27}},"107":{"start":{"line":108,"column":0},"end":{"line":108,"column":72}},"108":{"start":{"line":109,"column":0},"end":{"line":109,"column":45}},"109":{"start":{"line":110,"column":0},"end":{"line":110,"column":27}},"110":{"start":{"line":111,"column":0},"end":{"line":111,"column":60}},"111":{"start":{"line":112,"column":0},"end":{"line":112,"column":114}},"112":{"start":{"line":113,"column":0},"end":{"line":113,"column":47}},"113":{"start":{"line":114,"column":0},"end":{"line":114,"column":29}},"115":{"start":{"line":116,"column":0},"end":{"line":116,"column":24}},"117":{"start":{"line":118,"column":0},"end":{"line":118,"column":17}},"118":{"start":{"line":119,"column":0},"end":{"line":119,"column":18}},"119":{"start":{"line":120,"column":0},"end":{"line":120,"column":16}},"121":{"start":{"line":122,"column":0},"end":{"line":122,"column":52}},"122":{"start":{"line":123,"column":0},"end":{"line":123,"column":27}},"123":{"start":{"line":124,"column":0},"end":{"line":124,"column":63}},"124":{"start":{"line":125,"column":0},"end":{"line":125,"column":42}},"125":{"start":{"line":126,"column":0},"end":{"line":126,"column":51}},"126":{"start":{"line":127,"column":0},"end":{"line":127,"column":23}},"127":{"start":{"line":128,"column":0},"end":{"line":128,"column":14}},"129":{"start":{"line":130,"column":0},"end":{"line":130,"column":14}},"132":{"start":{"line":133,"column":0},"end":{"line":133,"column":37}},"133":{"start":{"line":134,"column":0},"end":{"line":134,"column":45}},"134":{"start":{"line":135,"column":0},"end":{"line":135,"column":75}},"135":{"start":{"line":136,"column":0},"end":{"line":136,"column":50}},"136":{"start":{"line":137,"column":0},"end":{"line":137,"column":50}},"137":{"start":{"line":138,"column":0},"end":{"line":138,"column":18}},"138":{"start":{"line":139,"column":0},"end":{"line":139,"column":175}},"139":{"start":{"line":140,"column":0},"end":{"line":140,"column":19}},"141":{"start":{"line":142,"column":0},"end":{"line":142,"column":18}},"142":{"start":{"line":143,"column":0},"end":{"line":143,"column":50}},"143":{"start":{"line":144,"column":0},"end":{"line":144,"column":87}},"144":{"start":{"line":145,"column":0},"end":{"line":145,"column":19}},"146":{"start":{"line":147,"column":0},"end":{"line":147,"column":16}},"147":{"start":{"line":148,"column":0},"end":{"line":148,"column":16}},"150":{"start":{"line":151,"column":0},"end":{"line":151,"column":45}},"151":{"start":{"line":152,"column":0},"end":{"line":152,"column":75}},"152":{"start":{"line":153,"column":0},"end":{"line":153,"column":90}},"153":{"start":{"line":154,"column":0},"end":{"line":154,"column":51}},"154":{"start":{"line":155,"column":0},"end":{"line":155,"column":51}},"155":{"start":{"line":156,"column":0},"end":{"line":156,"column":99}},"156":{"start":{"line":157,"column":0},"end":{"line":157,"column":93}},"157":{"start":{"line":158,"column":0},"end":{"line":158,"column":26}},"158":{"start":{"line":159,"column":0},"end":{"line":159,"column":24}},"159":{"start":{"line":160,"column":0},"end":{"line":160,"column":53}},"160":{"start":{"line":161,"column":0},"end":{"line":161,"column":120}},"162":{"start":{"line":163,"column":0},"end":{"line":163,"column":79}},"163":{"start":{"line":164,"column":0},"end":{"line":164,"column":58}},"164":{"start":{"line":165,"column":0},"end":{"line":165,"column":47}},"165":{"start":{"line":166,"column":0},"end":{"line":166,"column":116}},"166":{"start":{"line":167,"column":0},"end":{"line":167,"column":49}},"167":{"start":{"line":168,"column":0},"end":{"line":168,"column":31}},"169":{"start":{"line":170,"column":0},"end":{"line":170,"column":26}},"171":{"start":{"line":172,"column":0},"end":{"line":172,"column":19}},"172":{"start":{"line":173,"column":0},"end":{"line":173,"column":20}},"173":{"start":{"line":174,"column":0},"end":{"line":174,"column":18}},"176":{"start":{"line":177,"column":0},"end":{"line":177,"column":48}},"178":{"start":{"line":179,"column":0},"end":{"line":179,"column":19}},"179":{"start":{"line":180,"column":0},"end":{"line":180,"column":14}},"182":{"start":{"line":183,"column":0},"end":{"line":183,"column":32}},"183":{"start":{"line":184,"column":0},"end":{"line":184,"column":45}},"184":{"start":{"line":185,"column":0},"end":{"line":185,"column":87}},"185":{"start":{"line":186,"column":0},"end":{"line":186,"column":83}},"186":{"start":{"line":187,"column":0},"end":{"line":187,"column":70}},"187":{"start":{"line":188,"column":0},"end":{"line":188,"column":26}},"188":{"start":{"line":189,"column":0},"end":{"line":189,"column":16}},"189":{"start":{"line":190,"column":0},"end":{"line":190,"column":16}},"190":{"start":{"line":191,"column":0},"end":{"line":191,"column":64}},"192":{"start":{"line":193,"column":0},"end":{"line":193,"column":19}},"193":{"start":{"line":194,"column":0},"end":{"line":194,"column":14}},"197":{"start":{"line":198,"column":0},"end":{"line":198,"column":10}},"199":{"start":{"line":200,"column":0},"end":{"line":200,"column":1}}},"s":{"0":0,"1":0,"2":0,"3":0,"5":0,"6":0,"7":0,"8":0,"9":0,"10":0,"11":0,"12":0,"13":0,"14":0,"15":0,"16":0,"17":0,"18":0,"19":0,"21":0,"23":0,"24":0,"25":0,"26":0,"27":0,"29":0,"30":0,"31":0,"32":0,"34":0,"35":0,"36":0,"38":0,"40":0,"42":0,"44":0,"47":0,"48":0,"49":0,"50":0,"54":0,"55":0,"58":0,"59":0,"60":0,"61":0,"62":0,"64":0,"66":0,"69":0,"70":0,"71":0,"72":0,"73":0,"74":0,"75":0,"76":0,"77":0,"78":0,"81":0,"82":0,"83":0,"84":0,"85":0,"86":0,"87":0,"88":0,"89":0,"91":0,"92":0,"93":0,"94":0,"95":0,"96":0,"97":0,"98":0,"99":0,"100":0,"102":0,"103":0,"104":0,"105":0,"106":0,"107":0,"108":0,"109":0,"110":0,"111":0,"112":0,"113":0,"115":0,"117":0,"118":0,"119":0,"121":0,"122":0,"123":0,"124":0,"125":0,"126":0,"127":0,"129":0,"132":0,"133":0,"134":0,"135":0,"136":0,"137":0,"138":0,"139":0,"141":0,"142":0,"143":0,"144":0,"146":0,"147":0,"150":0,"151":0,"152":0,"153":0,"154":0,"155":0,"156":0,"157":0,"158":0,"159":0,"160":0,"162":0,"163":0,"164":0,"165":0,"166":0,"167":0,"169":0,"171":0,"172":0,"173":0,"176":0,"178":0,"179":0,"182":0,"183":0,"184":0,"185":0,"186":0,"187":0,"188":0,"189":0,"190":0,"192":0,"193":0,"197":0,"199":0},"branchMap":{"0":{"type":"branch","line":1,"loc":{"start":{"line":1,"column":7650},"end":{"line":200,"column":1}},"locations":[{"start":{"line":1,"column":7650},"end":{"line":200,"column":1}}]}},"b":{"0":[0]},"fnMap":{"0":{"name":"(empty-report)","decl":{"start":{"line":1,"column":7650},"end":{"line":200,"column":1}},"loc":{"start":{"line":1,"column":7650},"end":{"line":200,"column":1}},"line":1}},"f":{"0":0}}
,"/Users/harshpatel/Documents/kcl/year_3/PRJ/code/disso/src/components/conversion/FormulaDisplay.tsx": {"path":"/Users/harshpatel/Documents/kcl/year_3/PRJ/code/disso/src/components/conversion/FormulaDisplay.tsx","all":true,"statementMap":{"0":{"start":{"line":1,"column":0},"end":{"line":1,"column":32}},"1":{"start":{"line":2,"column":0},"end":{"line":2,"column":55}},"2":{"start":{"line":3,"column":0},"end":{"line":3,"column":57}},"22":{"start":{"line":23,"column":0},"end":{"line":23,"column":32}},"23":{"start":{"line":24,"column":0},"end":{"line":24,"column":5}},"24":{"start":{"line":25,"column":0},"end":{"line":25,"column":5}},"25":{"start":{"line":26,"column":0},"end":{"line":26,"column":5}},"26":{"start":{"line":27,"column":0},"end":{"line":27,"column":5}},"27":{"start":{"line":28,"column":0},"end":{"line":28,"column":19}},"28":{"start":{"line":29,"column":0},"end":{"line":29,"column":17}},"29":{"start":{"line":30,"column":0},"end":{"line":30,"column":20}},"30":{"start":{"line":31,"column":0},"end":{"line":31,"column":25}},"31":{"start":{"line":32,"column":0},"end":{"line":32,"column":45}},"32":{"start":{"line":33,"column":0},"end":{"line":33,"column":69}},"34":{"start":{"line":35,"column":0},"end":{"line":35,"column":33}},"35":{"start":{"line":36,"column":0},"end":{"line":36,"column":5}},"36":{"start":{"line":37,"column":0},"end":{"line":37,"column":23}},"37":{"start":{"line":38,"column":0},"end":{"line":38,"column":16}},"38":{"start":{"line":39,"column":0},"end":{"line":39,"column":45}},"39":{"start":{"line":40,"column":0},"end":{"line":40,"column":28}},"40":{"start":{"line":41,"column":0},"end":{"line":41,"column":81}},"41":{"start":{"line":42,"column":0},"end":{"line":42,"column":6}},"42":{"start":{"line":43,"column":0},"end":{"line":43,"column":5}},"43":{"start":{"line":44,"column":0},"end":{"line":44,"column":23}},"44":{"start":{"line":45,"column":0},"end":{"line":45,"column":16}},"45":{"start":{"line":46,"column":0},"end":{"line":46,"column":49}},"46":{"start":{"line":47,"column":0},"end":{"line":47,"column":30}},"47":{"start":{"line":48,"column":0},"end":{"line":48,"column":80}},"48":{"start":{"line":49,"column":0},"end":{"line":49,"column":6}},"49":{"start":{"line":50,"column":0},"end":{"line":50,"column":5}},"50":{"start":{"line":51,"column":0},"end":{"line":51,"column":23}},"51":{"start":{"line":52,"column":0},"end":{"line":52,"column":16}},"52":{"start":{"line":53,"column":0},"end":{"line":53,"column":47}},"53":{"start":{"line":54,"column":0},"end":{"line":54,"column":29}},"54":{"start":{"line":55,"column":0},"end":{"line":55,"column":79}},"55":{"start":{"line":56,"column":0},"end":{"line":56,"column":6}},"56":{"start":{"line":57,"column":0},"end":{"line":57,"column":5}},"57":{"start":{"line":58,"column":0},"end":{"line":58,"column":23}},"58":{"start":{"line":59,"column":0},"end":{"line":59,"column":16}},"59":{"start":{"line":60,"column":0},"end":{"line":60,"column":49}},"60":{"start":{"line":61,"column":0},"end":{"line":61,"column":30}},"61":{"start":{"line":62,"column":0},"end":{"line":62,"column":94}},"62":{"start":{"line":63,"column":0},"end":{"line":63,"column":6}},"63":{"start":{"line":64,"column":0},"end":{"line":64,"column":3}},"65":{"start":{"line":66,"column":0},"end":{"line":66,"column":68}},"66":{"start":{"line":67,"column":0},"end":{"line":67,"column":12}},"67":{"start":{"line":68,"column":0},"end":{"line":68,"column":12}},"68":{"start":{"line":69,"column":0},"end":{"line":69,"column":12}},"69":{"start":{"line":70,"column":0},"end":{"line":70,"column":12}},"70":{"start":{"line":71,"column":0},"end":{"line":71,"column":3}},"72":{"start":{"line":73,"column":0},"end":{"line":73,"column":10}},"73":{"start":{"line":74,"column":0},"end":{"line":74,"column":41}},"75":{"start":{"line":76,"column":0},"end":{"line":76,"column":46}},"76":{"start":{"line":77,"column":0},"end":{"line":77,"column":33}},"77":{"start":{"line":78,"column":0},"end":{"line":78,"column":14}},"78":{"start":{"line":79,"column":0},"end":{"line":79,"column":26}},"79":{"start":{"line":80,"column":0},"end":{"line":80,"column":32}},"80":{"start":{"line":81,"column":0},"end":{"line":81,"column":74}},"81":{"start":{"line":82,"column":0},"end":{"line":82,"column":54}},"84":{"start":{"line":85,"column":0},"end":{"line":85,"column":68}},"85":{"start":{"line":86,"column":0},"end":{"line":86,"column":68}},"86":{"start":{"line":87,"column":0},"end":{"line":87,"column":26}},"87":{"start":{"line":88,"column":0},"end":{"line":88,"column":21}},"89":{"start":{"line":90,"column":0},"end":{"line":90,"column":21}},"90":{"start":{"line":91,"column":0},"end":{"line":91,"column":30}},"91":{"start":{"line":92,"column":0},"end":{"line":92,"column":76}},"93":{"start":{"line":94,"column":0},"end":{"line":94,"column":146}},"94":{"start":{"line":95,"column":0},"end":{"line":95,"column":42}},"95":{"start":{"line":96,"column":0},"end":{"line":96,"column":62}},"96":{"start":{"line":97,"column":0},"end":{"line":97,"column":104}},"97":{"start":{"line":98,"column":0},"end":{"line":98,"column":19}},"98":{"start":{"line":99,"column":0},"end":{"line":99,"column":46}},"99":{"start":{"line":100,"column":0},"end":{"line":100,"column":15}},"101":{"start":{"line":102,"column":0},"end":{"line":102,"column":23}},"102":{"start":{"line":103,"column":0},"end":{"line":103,"column":18}},"104":{"start":{"line":105,"column":0},"end":{"line":105,"column":16}},"105":{"start":{"line":106,"column":0},"end":{"line":106,"column":125}},"107":{"start":{"line":108,"column":0},"end":{"line":108,"column":24}},"108":{"start":{"line":109,"column":0},"end":{"line":109,"column":18}},"110":{"start":{"line":111,"column":0},"end":{"line":111,"column":29}},"111":{"start":{"line":112,"column":0},"end":{"line":112,"column":44}},"112":{"start":{"line":113,"column":0},"end":{"line":113,"column":27}},"113":{"start":{"line":114,"column":0},"end":{"line":114,"column":62}},"114":{"start":{"line":115,"column":0},"end":{"line":115,"column":58}},"115":{"start":{"line":116,"column":0},"end":{"line":116,"column":59}},"116":{"start":{"line":117,"column":0},"end":{"line":117,"column":49}},"117":{"start":{"line":118,"column":0},"end":{"line":118,"column":134}},"119":{"start":{"line":120,"column":0},"end":{"line":120,"column":34}},"120":{"start":{"line":121,"column":0},"end":{"line":121,"column":29}},"122":{"start":{"line":123,"column":0},"end":{"line":123,"column":30}},"123":{"start":{"line":124,"column":0},"end":{"line":124,"column":16}},"124":{"start":{"line":125,"column":0},"end":{"line":125,"column":11}},"125":{"start":{"line":126,"column":0},"end":{"line":126,"column":12}},"128":{"start":{"line":129,"column":0},"end":{"line":129,"column":87}},"129":{"start":{"line":130,"column":0},"end":{"line":130,"column":64}},"130":{"start":{"line":131,"column":0},"end":{"line":131,"column":44}},"131":{"start":{"line":132,"column":0},"end":{"line":132,"column":67}},"132":{"start":{"line":133,"column":0},"end":{"line":133,"column":53}},"133":{"start":{"line":134,"column":0},"end":{"line":134,"column":65}},"134":{"start":{"line":135,"column":0},"end":{"line":135,"column":52}},"135":{"start":{"line":136,"column":0},"end":{"line":136,"column":67}},"136":{"start":{"line":137,"column":0},"end":{"line":137,"column":53}},"137":{"start":{"line":138,"column":0},"end":{"line":138,"column":66}},"138":{"start":{"line":139,"column":0},"end":{"line":139,"column":50}},"139":{"start":{"line":140,"column":0},"end":{"line":140,"column":15}},"140":{"start":{"line":141,"column":0},"end":{"line":141,"column":12}},"141":{"start":{"line":142,"column":0},"end":{"line":142,"column":10}},"143":{"start":{"line":144,"column":0},"end":{"line":144,"column":1}}},"s":{"0":0,"1":0,"2":0,"22":0,"23":0,"24":0,"25":0,"26":0,"27":0,"28":0,"29":0,"30":0,"31":0,"32":0,"34":0,"35":0,"36":0,"37":0,"38":0,"39":0,"40":0,"41":0,"42":0,"43":0,"44":0,"45":0,"46":0,"47":0,"48":0,"49":0,"50":0,"51":0,"52":0,"53":0,"54":0,"55":0,"56":0,"57":0,"58":0,"59":0,"60":0,"61":0,"62":0,"63":0,"65":0,"66":0,"67":0,"68":0,"69":0,"70":0,"72":0,"73":0,"75":0,"76":0,"77":0,"78":0,"79":0,"80":0,"81":0,"84":0,"85":0,"86":0,"87":0,"89":0,"90":0,"91":0,"93":0,"94":0,"95":0,"96":0,"97":0,"98":0,"99":0,"101":0,"102":0,"104":0,"105":0,"107":0,"108":0,"110":0,"111":0,"112":0,"113":0,"114":0,"115":0,"116":0,"117":0,"119":0,"120":0,"122":0,"123":0,"124":0,"125":0,"128":0,"129":0,"130":0,"131":0,"132":0,"133":0,"134":0,"135":0,"136":0,"137":0,"138":0,"139":0,"140":0,"141":0,"143":0},"branchMap":{"0":{"type":"branch","line":1,"loc":{"start":{"line":1,"column":4664},"end":{"line":144,"column":1}},"locations":[{"start":{"line":1,"column":4664},"end":{"line":144,"column":1}}]}},"b":{"0":[0]},"fnMap":{"0":{"name":"(empty-report)","decl":{"start":{"line":1,"column":4664},"end":{"line":144,"column":1}},"loc":{"start":{"line":1,"column":4664},"end":{"line":144,"column":1}},"line":1}},"f":{"0":0}}
,"/Users/harshpatel/Documents/kcl/year_3/PRJ/code/disso/src/components/conversion/PathUpdateForm.tsx": {"path":"/Users/harshpatel/Documents/kcl/year_3/PRJ/code/disso/src/components/conversion/PathUpdateForm.tsx","all":true,"statementMap":{"0":{"start":{"line":1,"column":0},"end":{"line":1,"column":32}},"1":{"start":{"line":2,"column":0},"end":{"line":2,"column":38}},"3":{"start":{"line":4,"column":0},"end":{"line":4,"column":57}},"4":{"start":{"line":5,"column":0},"end":{"line":5,"column":49}},"5":{"start":{"line":6,"column":0},"end":{"line":6,"column":41}},"14":{"start":{"line":15,"column":0},"end":{"line":15,"column":32}},"15":{"start":{"line":16,"column":0},"end":{"line":16,"column":13}},"16":{"start":{"line":17,"column":0},"end":{"line":17,"column":12}},"17":{"start":{"line":18,"column":0},"end":{"line":18,"column":20}},"18":{"start":{"line":19,"column":0},"end":{"line":19,"column":6}},"19":{"start":{"line":20,"column":0},"end":{"line":20,"column":25}},"20":{"start":{"line":21,"column":0},"end":{"line":21,"column":73}},"21":{"start":{"line":22,"column":0},"end":{"line":22,"column":48}},"22":{"start":{"line":23,"column":0},"end":{"line":23,"column":57}},"23":{"start":{"line":24,"column":0},"end":{"line":24,"column":53}},"25":{"start":{"line":26,"column":0},"end":{"line":26,"column":26}},"26":{"start":{"line":27,"column":0},"end":{"line":27,"column":63}},"27":{"start":{"line":28,"column":0},"end":{"line":28,"column":19}},"28":{"start":{"line":29,"column":0},"end":{"line":29,"column":24}},"29":{"start":{"line":30,"column":0},"end":{"line":30,"column":75}},"31":{"start":{"line":32,"column":0},"end":{"line":32,"column":29}},"32":{"start":{"line":33,"column":0},"end":{"line":33,"column":45}},"33":{"start":{"line":34,"column":0},"end":{"line":34,"column":25}},"34":{"start":{"line":35,"column":0},"end":{"line":35,"column":3}},"36":{"start":{"line":37,"column":0},"end":{"line":37,"column":36}},"37":{"start":{"line":38,"column":0},"end":{"line":38,"column":31}},"38":{"start":{"line":39,"column":0},"end":{"line":39,"column":43}},"39":{"start":{"line":40,"column":0},"end":{"line":40,"column":25}},"40":{"start":{"line":41,"column":0},"end":{"line":41,"column":3}},"42":{"start":{"line":43,"column":0},"end":{"line":43,"column":28}},"43":{"start":{"line":44,"column":0},"end":{"line":44,"column":20}},"44":{"start":{"line":45,"column":0},"end":{"line":45,"column":26}},"45":{"start":{"line":46,"column":0},"end":{"line":46,"column":24}},"46":{"start":{"line":47,"column":0},"end":{"line":47,"column":17}},"47":{"start":{"line":48,"column":0},"end":{"line":48,"column":3}},"49":{"start":{"line":50,"column":0},"end":{"line":50,"column":40}},"51":{"start":{"line":52,"column":0},"end":{"line":52,"column":10}},"52":{"start":{"line":53,"column":0},"end":{"line":53,"column":41}},"54":{"start":{"line":55,"column":0},"end":{"line":55,"column":43}},"55":{"start":{"line":56,"column":0},"end":{"line":56,"column":18}},"56":{"start":{"line":57,"column":0},"end":{"line":57,"column":50}},"57":{"start":{"line":58,"column":0},"end":{"line":58,"column":47}},"58":{"start":{"line":59,"column":0},"end":{"line":59,"column":15}},"59":{"start":{"line":60,"column":0},"end":{"line":60,"column":10}},"62":{"start":{"line":63,"column":0},"end":{"line":63,"column":21}},"63":{"start":{"line":64,"column":0},"end":{"line":64,"column":26}},"64":{"start":{"line":65,"column":0},"end":{"line":65,"column":26}},"65":{"start":{"line":66,"column":0},"end":{"line":66,"column":26}},"66":{"start":{"line":67,"column":0},"end":{"line":67,"column":26}},"67":{"start":{"line":68,"column":0},"end":{"line":68,"column":43}},"68":{"start":{"line":69,"column":0},"end":{"line":69,"column":39}},"69":{"start":{"line":70,"column":0},"end":{"line":70,"column":45}},"70":{"start":{"line":71,"column":0},"end":{"line":71,"column":8}},"73":{"start":{"line":74,"column":0},"end":{"line":74,"column":43}},"74":{"start":{"line":75,"column":0},"end":{"line":75,"column":61}},"76":{"start":{"line":77,"column":0},"end":{"line":77,"column":16}},"77":{"start":{"line":78,"column":0},"end":{"line":78,"column":36}},"78":{"start":{"line":79,"column":0},"end":{"line":79,"column":16}},"79":{"start":{"line":80,"column":0},"end":{"line":80,"column":23}},"80":{"start":{"line":81,"column":0},"end":{"line":81,"column":29}},"81":{"start":{"line":82,"column":0},"end":{"line":82,"column":30}},"82":{"start":{"line":83,"column":0},"end":{"line":83,"column":42}},"83":{"start":{"line":84,"column":0},"end":{"line":84,"column":54}},"84":{"start":{"line":85,"column":0},"end":{"line":85,"column":14}},"85":{"start":{"line":86,"column":0},"end":{"line":86,"column":31}},"86":{"start":{"line":87,"column":0},"end":{"line":87,"column":70}},"87":{"start":{"line":88,"column":0},"end":{"line":88,"column":14}},"88":{"start":{"line":89,"column":0},"end":{"line":89,"column":38}},"89":{"start":{"line":90,"column":0},"end":{"line":90,"column":109}},"90":{"start":{"line":91,"column":0},"end":{"line":91,"column":26}},"91":{"start":{"line":92,"column":0},"end":{"line":92,"column":27}},"92":{"start":{"line":93,"column":0},"end":{"line":93,"column":50}},"93":{"start":{"line":94,"column":0},"end":{"line":94,"column":46}},"94":{"start":{"line":95,"column":0},"end":{"line":95,"column":57}},"95":{"start":{"line":96,"column":0},"end":{"line":96,"column":15}},"96":{"start":{"line":97,"column":0},"end":{"line":97,"column":12}},"97":{"start":{"line":98,"column":0},"end":{"line":98,"column":14}},"100":{"start":{"line":101,"column":0},"end":{"line":101,"column":36}},"101":{"start":{"line":102,"column":0},"end":{"line":102,"column":17}},"102":{"start":{"line":103,"column":0},"end":{"line":103,"column":21}},"103":{"start":{"line":104,"column":0},"end":{"line":104,"column":33}},"104":{"start":{"line":105,"column":0},"end":{"line":105,"column":80}},"105":{"start":{"line":106,"column":0},"end":{"line":106,"column":11}},"107":{"start":{"line":108,"column":0},"end":{"line":108,"column":19}},"108":{"start":{"line":109,"column":0},"end":{"line":109,"column":17}},"109":{"start":{"line":110,"column":0},"end":{"line":110,"column":21}},"110":{"start":{"line":111,"column":0},"end":{"line":111,"column":31}},"111":{"start":{"line":112,"column":0},"end":{"line":112,"column":40}},"112":{"start":{"line":113,"column":0},"end":{"line":113,"column":57}},"113":{"start":{"line":114,"column":0},"end":{"line":114,"column":11}},"115":{"start":{"line":116,"column":0},"end":{"line":116,"column":19}},"116":{"start":{"line":117,"column":0},"end":{"line":117,"column":14}},"119":{"start":{"line":120,"column":0},"end":{"line":120,"column":48}},"120":{"start":{"line":121,"column":0},"end":{"line":121,"column":21}},"121":{"start":{"line":122,"column":0},"end":{"line":122,"column":43}},"122":{"start":{"line":123,"column":0},"end":{"line":123,"column":42}},"123":{"start":{"line":124,"column":0},"end":{"line":124,"column":101}},"125":{"start":{"line":126,"column":0},"end":{"line":126,"column":61}},"126":{"start":{"line":127,"column":0},"end":{"line":127,"column":68}},"127":{"start":{"line":128,"column":0},"end":{"line":128,"column":23}},"130":{"start":{"line":131,"column":0},"end":{"line":131,"column":49}},"131":{"start":{"line":132,"column":0},"end":{"line":132,"column":21}},"132":{"start":{"line":133,"column":0},"end":{"line":133,"column":44}},"133":{"start":{"line":134,"column":0},"end":{"line":134,"column":42}},"134":{"start":{"line":135,"column":0},"end":{"line":135,"column":72}},"135":{"start":{"line":136,"column":0},"end":{"line":136,"column":93}},"137":{"start":{"line":138,"column":0},"end":{"line":138,"column":53}},"138":{"start":{"line":139,"column":0},"end":{"line":139,"column":61}},"139":{"start":{"line":140,"column":0},"end":{"line":140,"column":53}},"141":{"start":{"line":142,"column":0},"end":{"line":142,"column":21}},"142":{"start":{"line":143,"column":0},"end":{"line":143,"column":18}},"143":{"start":{"line":144,"column":0},"end":{"line":144,"column":19}},"144":{"start":{"line":145,"column":0},"end":{"line":145,"column":56}},"145":{"start":{"line":146,"column":0},"end":{"line":146,"column":100}},"147":{"start":{"line":148,"column":0},"end":{"line":148,"column":58}},"148":{"start":{"line":149,"column":0},"end":{"line":149,"column":21}},"149":{"start":{"line":150,"column":0},"end":{"line":150,"column":28}},"150":{"start":{"line":151,"column":0},"end":{"line":151,"column":89}},"151":{"start":{"line":152,"column":0},"end":{"line":152,"column":43}},"152":{"start":{"line":153,"column":0},"end":{"line":153,"column":18}},"154":{"start":{"line":155,"column":0},"end":{"line":155,"column":23}},"158":{"start":{"line":159,"column":0},"end":{"line":159,"column":48}},"159":{"start":{"line":160,"column":0},"end":{"line":160,"column":58}},"161":{"start":{"line":162,"column":0},"end":{"line":162,"column":19}},"163":{"start":{"line":164,"column":0},"end":{"line":164,"column":12}},"164":{"start":{"line":165,"column":0},"end":{"line":165,"column":10}},"166":{"start":{"line":167,"column":0},"end":{"line":167,"column":1}}},"s":{"0":0,"1":0,"3":0,"4":0,"5":0,"14":0,"15":0,"16":0,"17":0,"18":0,"19":0,"20":0,"21":0,"22":0,"23":0,"25":0,"26":0,"27":0,"28":0,"29":0,"31":0,"32":0,"33":0,"34":0,"36":0,"37":0,"38":0,"39":0,"40":0,"42":0,"43":0,"44":0,"45":0,"46":0,"47":0,"49":0,"51":0,"52":0,"54":0,"55":0,"56":0,"57":0,"58":0,"59":0,"62":0,"63":0,"64":0,"65":0,"66":0,"67":0,"68":0,"69":0,"70":0,"73":0,"74":0,"76":0,"77":0,"78":0,"79":0,"80":0,"81":0,"82":0,"83":0,"84":0,"85":0,"86":0,"87":0,"88":0,"89":0,"90":0,"91":0,"92":0,"93":0,"94":0,"95":0,"96":0,"97":0,"100":0,"101":0,"102":0,"103":0,"104":0,"105":0,"107":0,"108":0,"109":0,"110":0,"111":0,"112":0,"113":0,"115":0,"116":0,"119":0,"120":0,"121":0,"122":0,"123":0,"125":0,"126":0,"127":0,"130":0,"131":0,"132":0,"133":0,"134":0,"135":0,"137":0,"138":0,"139":0,"141":0,"142":0,"143":0,"144":0,"145":0,"147":0,"148":0,"149":0,"150":0,"151":0,"152":0,"154":0,"158":0,"159":0,"161":0,"163":0,"164":0,"166":0},"branchMap":{"0":{"type":"branch","line":1,"loc":{"start":{"line":1,"column":5294},"end":{"line":167,"column":1}},"locations":[{"start":{"line":1,"column":5294},"end":{"line":167,"column":1}}]}},"b":{"0":[0]},"fnMap":{"0":{"name":"(empty-report)","decl":{"start":{"line":1,"column":5294},"end":{"line":167,"column":1}},"loc":{"start":{"line":1,"column":5294},"end":{"line":167,"column":1}},"line":1}},"f":{"0":0}}
,"/Users/harshpatel/Documents/kcl/year_3/PRJ/code/disso/src/components/conversion/RegexToNFAPanel.tsx": {"path":"/Users/harshpatel/Documents/kcl/year_3/PRJ/code/disso/src/components/conversion/RegexToNFAPanel.tsx","all":false,"statementMap":{"0":{"start":{"line":1,"column":0},"end":{"line":1,"column":32}},"1":{"start":{"line":2,"column":0},"end":{"line":2,"column":53}},"3":{"start":{"line":4,"column":0},"end":{"line":4,"column":41}},"4":{"start":{"line":5,"column":0},"end":{"line":5,"column":56}},"8":{"start":{"line":9,"column":0},"end":{"line":9,"column":95}},"9":{"start":{"line":10,"column":0},"end":{"line":10,"column":38}},"10":{"start":{"line":11,"column":0},"end":{"line":11,"column":43}},"11":{"start":{"line":12,"column":0},"end":{"line":12,"column":36}},"12":{"start":{"line":13,"column":0},"end":{"line":13,"column":10}},"13":{"start":{"line":14,"column":0},"end":{"line":14,"column":54}},"14":{"start":{"line":15,"column":0},"end":{"line":15,"column":53}},"15":{"start":{"line":16,"column":0},"end":{"line":16,"column":95}},"16":{"start":{"line":17,"column":0},"end":{"line":17,"column":52}},"17":{"start":{"line":18,"column":0},"end":{"line":18,"column":11}},"19":{"start":{"line":20,"column":0},"end":{"line":20,"column":1}},"23":{"start":{"line":24,"column":0},"end":{"line":24,"column":91}},"24":{"start":{"line":25,"column":0},"end":{"line":25,"column":87}},"25":{"start":{"line":26,"column":0},"end":{"line":26,"column":68}},"26":{"start":{"line":27,"column":0},"end":{"line":27,"column":90}},"27":{"start":{"line":28,"column":0},"end":{"line":28,"column":100}},"28":{"start":{"line":29,"column":0},"end":{"line":29,"column":80}},"29":{"start":{"line":30,"column":0},"end":{"line":30,"column":1}},"31":{"start":{"line":32,"column":0},"end":{"line":32,"column":90}},"35":{"start":{"line":36,"column":0},"end":{"line":36,"column":26}},"36":{"start":{"line":37,"column":0},"end":{"line":37,"column":7}},"37":{"start":{"line":38,"column":0},"end":{"line":38,"column":4}},"39":{"start":{"line":40,"column":0},"end":{"line":40,"column":4}},"40":{"start":{"line":41,"column":0},"end":{"line":41,"column":10}},"41":{"start":{"line":42,"column":0},"end":{"line":42,"column":64}},"42":{"start":{"line":43,"column":0},"end":{"line":43,"column":13}},"43":{"start":{"line":44,"column":0},"end":{"line":44,"column":48}},"44":{"start":{"line":45,"column":0},"end":{"line":45,"column":45}},"45":{"start":{"line":46,"column":0},"end":{"line":46,"column":47}},"46":{"start":{"line":47,"column":0},"end":{"line":47,"column":38}},"47":{"start":{"line":48,"column":0},"end":{"line":48,"column":13}},"48":{"start":{"line":49,"column":0},"end":{"line":49,"column":14}},"49":{"start":{"line":50,"column":0},"end":{"line":50,"column":13}},"50":{"start":{"line":51,"column":0},"end":{"line":51,"column":31}},"51":{"start":{"line":52,"column":0},"end":{"line":52,"column":59}},"52":{"start":{"line":53,"column":0},"end":{"line":53,"column":91}},"53":{"start":{"line":54,"column":0},"end":{"line":54,"column":71}},"54":{"start":{"line":55,"column":0},"end":{"line":55,"column":86}},"55":{"start":{"line":56,"column":0},"end":{"line":56,"column":15}},"56":{"start":{"line":57,"column":0},"end":{"line":57,"column":11}},"57":{"start":{"line":58,"column":0},"end":{"line":58,"column":14}},"58":{"start":{"line":59,"column":0},"end":{"line":59,"column":12}},"60":{"start":{"line":61,"column":0},"end":{"line":61,"column":1}},"64":{"start":{"line":65,"column":0},"end":{"line":65,"column":35}},"65":{"start":{"line":66,"column":0},"end":{"line":66,"column":9}},"66":{"start":{"line":67,"column":0},"end":{"line":67,"column":10}},"67":{"start":{"line":68,"column":0},"end":{"line":68,"column":10}},"68":{"start":{"line":69,"column":0},"end":{"line":69,"column":10}},"69":{"start":{"line":70,"column":0},"end":{"line":70,"column":21}},"70":{"start":{"line":71,"column":0},"end":{"line":71,"column":16}},"71":{"start":{"line":72,"column":0},"end":{"line":72,"column":17}},"72":{"start":{"line":73,"column":0},"end":{"line":73,"column":22}},"73":{"start":{"line":74,"column":0},"end":{"line":74,"column":10}},"74":{"start":{"line":75,"column":0},"end":{"line":75,"column":22}},"75":{"start":{"line":76,"column":0},"end":{"line":76,"column":19}},"76":{"start":{"line":77,"column":0},"end":{"line":77,"column":13}},"77":{"start":{"line":78,"column":0},"end":{"line":78,"column":13}},"78":{"start":{"line":79,"column":0},"end":{"line":79,"column":10}},"79":{"start":{"line":80,"column":0},"end":{"line":80,"column":19}},"81":{"start":{"line":82,"column":0},"end":{"line":82,"column":50}},"82":{"start":{"line":83,"column":0},"end":{"line":83,"column":57}},"84":{"start":{"line":85,"column":0},"end":{"line":85,"column":29}},"85":{"start":{"line":86,"column":0},"end":{"line":86,"column":63}},"86":{"start":{"line":87,"column":0},"end":{"line":87,"column":3}},"88":{"start":{"line":89,"column":0},"end":{"line":89,"column":29}},"89":{"start":{"line":90,"column":0},"end":{"line":90,"column":11}},"90":{"start":{"line":91,"column":0},"end":{"line":91,"column":21}},"91":{"start":{"line":92,"column":0},"end":{"line":92,"column":3}},"94":{"start":{"line":95,"column":0},"end":{"line":95,"column":25}},"95":{"start":{"line":96,"column":0},"end":{"line":96,"column":12}},"96":{"start":{"line":97,"column":0},"end":{"line":97,"column":47}},"97":{"start":{"line":98,"column":0},"end":{"line":98,"column":59}},"98":{"start":{"line":99,"column":0},"end":{"line":99,"column":90}},"99":{"start":{"line":100,"column":0},"end":{"line":100,"column":91}},"100":{"start":{"line":101,"column":0},"end":{"line":101,"column":53}},"101":{"start":{"line":102,"column":0},"end":{"line":102,"column":19}},"102":{"start":{"line":103,"column":0},"end":{"line":103,"column":14}},"104":{"start":{"line":105,"column":0},"end":{"line":105,"column":26}},"105":{"start":{"line":106,"column":0},"end":{"line":106,"column":93}},"106":{"start":{"line":107,"column":0},"end":{"line":107,"column":40}},"107":{"start":{"line":108,"column":0},"end":{"line":108,"column":21}},"108":{"start":{"line":109,"column":0},"end":{"line":109,"column":29}},"109":{"start":{"line":110,"column":0},"end":{"line":110,"column":32}},"110":{"start":{"line":111,"column":0},"end":{"line":111,"column":41}},"111":{"start":{"line":112,"column":0},"end":{"line":112,"column":40}},"112":{"start":{"line":113,"column":0},"end":{"line":113,"column":18}},"113":{"start":{"line":114,"column":0},"end":{"line":114,"column":119}},"115":{"start":{"line":116,"column":0},"end":{"line":116,"column":68}},"116":{"start":{"line":117,"column":0},"end":{"line":117,"column":32}},"117":{"start":{"line":118,"column":0},"end":{"line":118,"column":78}},"118":{"start":{"line":119,"column":0},"end":{"line":119,"column":23}},"119":{"start":{"line":120,"column":0},"end":{"line":120,"column":83}},"120":{"start":{"line":121,"column":0},"end":{"line":121,"column":23}},"121":{"start":{"line":122,"column":0},"end":{"line":122,"column":15}},"122":{"start":{"line":123,"column":0},"end":{"line":123,"column":16}},"125":{"start":{"line":126,"column":0},"end":{"line":126,"column":45}},"128":{"start":{"line":129,"column":0},"end":{"line":129,"column":12}},"130":{"start":{"line":131,"column":0},"end":{"line":131,"column":45}},"131":{"start":{"line":132,"column":0},"end":{"line":132,"column":89}},"132":{"start":{"line":133,"column":0},"end":{"line":133,"column":16}},"133":{"start":{"line":134,"column":0},"end":{"line":134,"column":23}},"134":{"start":{"line":135,"column":0},"end":{"line":135,"column":30}},"135":{"start":{"line":136,"column":0},"end":{"line":136,"column":59}},"136":{"start":{"line":137,"column":0},"end":{"line":137,"column":31}},"137":{"start":{"line":138,"column":0},"end":{"line":138,"column":71}},"138":{"start":{"line":139,"column":0},"end":{"line":139,"column":14}},"139":{"start":{"line":140,"column":0},"end":{"line":140,"column":38}},"140":{"start":{"line":141,"column":0},"end":{"line":141,"column":125}},"141":{"start":{"line":142,"column":0},"end":{"line":142,"column":12}},"142":{"start":{"line":143,"column":0},"end":{"line":143,"column":47}},"143":{"start":{"line":144,"column":0},"end":{"line":144,"column":73}},"144":{"start":{"line":145,"column":0},"end":{"line":145,"column":92}},"145":{"start":{"line":146,"column":0},"end":{"line":146,"column":97}},"146":{"start":{"line":147,"column":0},"end":{"line":147,"column":14}},"147":{"start":{"line":148,"column":0},"end":{"line":148,"column":14}},"149":{"start":{"line":150,"column":0},"end":{"line":150,"column":19}},"150":{"start":{"line":151,"column":0},"end":{"line":151,"column":98}},"151":{"start":{"line":152,"column":0},"end":{"line":152,"column":19}},"152":{"start":{"line":153,"column":0},"end":{"line":153,"column":16}},"155":{"start":{"line":156,"column":0},"end":{"line":156,"column":68}},"157":{"start":{"line":158,"column":0},"end":{"line":158,"column":17}},"158":{"start":{"line":159,"column":0},"end":{"line":159,"column":12}},"160":{"start":{"line":161,"column":0},"end":{"line":161,"column":3}},"163":{"start":{"line":164,"column":0},"end":{"line":164,"column":29}},"164":{"start":{"line":165,"column":0},"end":{"line":165,"column":45}},"166":{"start":{"line":167,"column":0},"end":{"line":167,"column":37}},"167":{"start":{"line":168,"column":0},"end":{"line":168,"column":28}},"168":{"start":{"line":169,"column":0},"end":{"line":169,"column":62}},"169":{"start":{"line":170,"column":0},"end":{"line":170,"column":65}},"170":{"start":{"line":171,"column":0},"end":{"line":171,"column":43}},"171":{"start":{"line":172,"column":0},"end":{"line":172,"column":43}},"172":{"start":{"line":173,"column":0},"end":{"line":173,"column":18}},"173":{"start":{"line":174,"column":0},"end":{"line":174,"column":29}},"174":{"start":{"line":175,"column":0},"end":{"line":175,"column":15}},"175":{"start":{"line":176,"column":0},"end":{"line":176,"column":30}},"176":{"start":{"line":177,"column":0},"end":{"line":177,"column":5}},"178":{"start":{"line":179,"column":0},"end":{"line":179,"column":12}},"179":{"start":{"line":180,"column":0},"end":{"line":180,"column":47}},"180":{"start":{"line":181,"column":0},"end":{"line":181,"column":59}},"181":{"start":{"line":182,"column":0},"end":{"line":182,"column":90}},"182":{"start":{"line":183,"column":0},"end":{"line":183,"column":66}},"184":{"start":{"line":185,"column":0},"end":{"line":185,"column":19}},"185":{"start":{"line":186,"column":0},"end":{"line":186,"column":14}},"187":{"start":{"line":188,"column":0},"end":{"line":188,"column":85}},"188":{"start":{"line":189,"column":0},"end":{"line":189,"column":91}},"189":{"start":{"line":190,"column":0},"end":{"line":190,"column":83}},"190":{"start":{"line":191,"column":0},"end":{"line":191,"column":14}},"192":{"start":{"line":193,"column":0},"end":{"line":193,"column":93}},"193":{"start":{"line":194,"column":0},"end":{"line":194,"column":42}},"194":{"start":{"line":195,"column":0},"end":{"line":195,"column":76}},"195":{"start":{"line":196,"column":0},"end":{"line":196,"column":14}},"196":{"start":{"line":197,"column":0},"end":{"line":197,"column":13}},"197":{"start":{"line":198,"column":0},"end":{"line":198,"column":92}},"198":{"start":{"line":199,"column":0},"end":{"line":199,"column":57}},"199":{"start":{"line":200,"column":0},"end":{"line":200,"column":14}},"200":{"start":{"line":201,"column":0},"end":{"line":201,"column":14}},"202":{"start":{"line":203,"column":0},"end":{"line":203,"column":86}},"204":{"start":{"line":205,"column":0},"end":{"line":205,"column":17}},"205":{"start":{"line":206,"column":0},"end":{"line":206,"column":12}},"207":{"start":{"line":208,"column":0},"end":{"line":208,"column":3}},"210":{"start":{"line":211,"column":0},"end":{"line":211,"column":31}},"212":{"start":{"line":213,"column":0},"end":{"line":213,"column":41}},"213":{"start":{"line":214,"column":0},"end":{"line":214,"column":33}},"215":{"start":{"line":216,"column":0},"end":{"line":216,"column":10}},"216":{"start":{"line":217,"column":0},"end":{"line":217,"column":45}},"218":{"start":{"line":219,"column":0},"end":{"line":219,"column":57}},"219":{"start":{"line":220,"column":0},"end":{"line":220,"column":88}},"220":{"start":{"line":221,"column":0},"end":{"line":221,"column":64}},"222":{"start":{"line":223,"column":0},"end":{"line":223,"column":17}},"223":{"start":{"line":224,"column":0},"end":{"line":224,"column":12}},"226":{"start":{"line":227,"column":0},"end":{"line":227,"column":47}},"227":{"start":{"line":228,"column":0},"end":{"line":228,"column":63}},"228":{"start":{"line":229,"column":0},"end":{"line":229,"column":14}},"229":{"start":{"line":230,"column":0},"end":{"line":230,"column":69}},"230":{"start":{"line":231,"column":0},"end":{"line":231,"column":68}},"231":{"start":{"line":232,"column":0},"end":{"line":232,"column":12}},"232":{"start":{"line":233,"column":0},"end":{"line":233,"column":14}},"233":{"start":{"line":234,"column":0},"end":{"line":234,"column":57}},"234":{"start":{"line":235,"column":0},"end":{"line":235,"column":37}},"235":{"start":{"line":236,"column":0},"end":{"line":236,"column":15}},"236":{"start":{"line":237,"column":0},"end":{"line":237,"column":12}},"239":{"start":{"line":240,"column":0},"end":{"line":240,"column":75}},"240":{"start":{"line":241,"column":0},"end":{"line":241,"column":77}},"241":{"start":{"line":242,"column":0},"end":{"line":242,"column":23}},"242":{"start":{"line":243,"column":0},"end":{"line":243,"column":23}},"243":{"start":{"line":244,"column":0},"end":{"line":244,"column":42}},"244":{"start":{"line":245,"column":0},"end":{"line":245,"column":38}},"245":{"start":{"line":246,"column":0},"end":{"line":246,"column":10}},"246":{"start":{"line":247,"column":0},"end":{"line":247,"column":12}},"249":{"start":{"line":250,"column":0},"end":{"line":250,"column":38}},"250":{"start":{"line":251,"column":0},"end":{"line":251,"column":45}},"251":{"start":{"line":252,"column":0},"end":{"line":252,"column":59}},"252":{"start":{"line":253,"column":0},"end":{"line":253,"column":51}},"253":{"start":{"line":254,"column":0},"end":{"line":254,"column":69}},"254":{"start":{"line":255,"column":0},"end":{"line":255,"column":35}},"255":{"start":{"line":256,"column":0},"end":{"line":256,"column":19}},"257":{"start":{"line":258,"column":0},"end":{"line":258,"column":14}},"258":{"start":{"line":259,"column":0},"end":{"line":259,"column":47}},"259":{"start":{"line":260,"column":0},"end":{"line":260,"column":39}},"260":{"start":{"line":261,"column":0},"end":{"line":261,"column":51}},"261":{"start":{"line":262,"column":0},"end":{"line":262,"column":71}},"262":{"start":{"line":263,"column":0},"end":{"line":263,"column":22}},"263":{"start":{"line":264,"column":0},"end":{"line":264,"column":23}},"264":{"start":{"line":265,"column":0},"end":{"line":265,"column":25}},"265":{"start":{"line":266,"column":0},"end":{"line":266,"column":51}},"266":{"start":{"line":267,"column":0},"end":{"line":267,"column":131}},"267":{"start":{"line":268,"column":0},"end":{"line":268,"column":27}},"268":{"start":{"line":269,"column":0},"end":{"line":269,"column":63}},"269":{"start":{"line":270,"column":0},"end":{"line":270,"column":34}},"270":{"start":{"line":271,"column":0},"end":{"line":271,"column":66}},"271":{"start":{"line":272,"column":0},"end":{"line":272,"column":103}},"272":{"start":{"line":273,"column":0},"end":{"line":273,"column":21}},"274":{"start":{"line":275,"column":0},"end":{"line":275,"column":52}},"275":{"start":{"line":276,"column":0},"end":{"line":276,"column":60}},"276":{"start":{"line":277,"column":0},"end":{"line":277,"column":25}},"277":{"start":{"line":278,"column":0},"end":{"line":278,"column":24}},"278":{"start":{"line":279,"column":0},"end":{"line":279,"column":83}},"279":{"start":{"line":280,"column":0},"end":{"line":280,"column":70}},"280":{"start":{"line":281,"column":0},"end":{"line":281,"column":54}},"281":{"start":{"line":282,"column":0},"end":{"line":282,"column":27}},"282":{"start":{"line":283,"column":0},"end":{"line":283,"column":25}},"283":{"start":{"line":284,"column":0},"end":{"line":284,"column":25}},"285":{"start":{"line":286,"column":0},"end":{"line":286,"column":15}},"286":{"start":{"line":287,"column":0},"end":{"line":287,"column":16}},"288":{"start":{"line":289,"column":0},"end":{"line":289,"column":43}},"289":{"start":{"line":290,"column":0},"end":{"line":290,"column":48}},"291":{"start":{"line":292,"column":0},"end":{"line":292,"column":16}},"294":{"start":{"line":295,"column":0},"end":{"line":295,"column":17}},"295":{"start":{"line":296,"column":0},"end":{"line":296,"column":30}},"296":{"start":{"line":297,"column":0},"end":{"line":297,"column":100}},"297":{"start":{"line":298,"column":0},"end":{"line":298,"column":11}},"299":{"start":{"line":300,"column":0},"end":{"line":300,"column":19}},"300":{"start":{"line":301,"column":0},"end":{"line":301,"column":14}},"304":{"start":{"line":305,"column":0},"end":{"line":305,"column":38}},"305":{"start":{"line":306,"column":0},"end":{"line":306,"column":45}},"306":{"start":{"line":307,"column":0},"end":{"line":307,"column":81}},"307":{"start":{"line":308,"column":0},"end":{"line":308,"column":62}},"308":{"start":{"line":309,"column":0},"end":{"line":309,"column":71}},"309":{"start":{"line":310,"column":0},"end":{"line":310,"column":16}},"310":{"start":{"line":311,"column":0},"end":{"line":311,"column":16}},"312":{"start":{"line":313,"column":0},"end":{"line":313,"column":79}},"313":{"start":{"line":314,"column":0},"end":{"line":314,"column":78}},"314":{"start":{"line":315,"column":0},"end":{"line":315,"column":16}},"317":{"start":{"line":318,"column":0},"end":{"line":318,"column":58}},"318":{"start":{"line":319,"column":0},"end":{"line":319,"column":83}},"319":{"start":{"line":320,"column":0},"end":{"line":320,"column":69}},"320":{"start":{"line":321,"column":0},"end":{"line":321,"column":110}},"321":{"start":{"line":322,"column":0},"end":{"line":322,"column":97}},"322":{"start":{"line":323,"column":0},"end":{"line":323,"column":60}},"323":{"start":{"line":324,"column":0},"end":{"line":324,"column":18}},"324":{"start":{"line":325,"column":0},"end":{"line":325,"column":72}},"325":{"start":{"line":326,"column":0},"end":{"line":326,"column":18}},"328":{"start":{"line":329,"column":0},"end":{"line":329,"column":38}},"329":{"start":{"line":330,"column":0},"end":{"line":330,"column":59}},"331":{"start":{"line":332,"column":0},"end":{"line":332,"column":67}},"333":{"start":{"line":334,"column":0},"end":{"line":334,"column":14}},"335":{"start":{"line":336,"column":0},"end":{"line":336,"column":10}},"337":{"start":{"line":338,"column":0},"end":{"line":338,"column":1}}},"s":{"0":1,"1":1,"3":1,"4":1,"8":3,"9":3,"10":3,"11":3,"12":3,"13":3,"14":3,"15":3,"16":3,"17":3,"19":3,"23":1,"24":1,"25":1,"26":1,"27":1,"28":1,"29":1,"31":1,"35":0,"36":0,"37":0,"39":0,"40":0,"41":0,"42":0,"43":0,"44":0,"45":0,"46":0,"47":0,"48":0,"49":0,"50":0,"51":0,"52":0,"53":0,"54":0,"55":0,"56":0,"57":0,"58":0,"60":0,"64":1,"65":16,"66":16,"67":16,"68":16,"69":16,"70":16,"71":16,"72":16,"73":16,"74":16,"75":16,"76":16,"77":16,"78":16,"79":16,"81":16,"82":16,"84":16,"85":3,"86":3,"88":16,"89":0,"90":0,"91":0,"94":16,"95":13,"96":13,"97":13,"98":13,"99":13,"100":13,"101":13,"102":13,"104":13,"105":0,"106":0,"107":0,"108":0,"109":0,"110":0,"111":0,"112":0,"113":0,"115":0,"116":0,"117":0,"118":0,"119":0,"120":0,"121":0,"122":0,"125":13,"128":13,"130":13,"131":13,"132":13,"133":13,"134":13,"135":13,"136":13,"137":4,"138":4,"139":13,"140":13,"141":13,"142":13,"143":13,"144":13,"145":13,"146":13,"147":13,"149":13,"150":0,"151":0,"152":0,"155":13,"157":13,"158":13,"160":13,"163":16,"164":0,"166":0,"167":0,"168":0,"169":0,"170":0,"171":0,"172":0,"173":0,"174":0,"175":0,"176":0,"178":0,"179":0,"180":0,"181":0,"182":0,"184":0,"185":0,"187":0,"188":0,"189":0,"190":0,"192":0,"193":0,"194":0,"195":0,"196":0,"197":0,"198":0,"199":0,"200":0,"202":0,"204":0,"205":0,"207":0,"210":16,"212":3,"213":3,"215":3,"216":3,"218":3,"219":3,"220":3,"222":3,"223":3,"226":3,"227":3,"228":3,"229":3,"230":3,"231":3,"232":3,"233":3,"234":3,"235":3,"236":3,"239":3,"240":3,"241":3,"242":3,"243":3,"244":3,"245":3,"246":3,"249":3,"250":3,"251":3,"252":3,"253":3,"254":3,"255":3,"257":3,"258":3,"259":3,"260":15,"261":15,"262":15,"263":15,"264":15,"265":15,"266":15,"267":15,"268":0,"269":15,"270":0,"271":15,"272":15,"274":15,"275":15,"276":15,"277":15,"278":15,"279":15,"280":15,"281":15,"282":15,"283":15,"285":3,"286":3,"288":3,"289":0,"291":0,"294":3,"295":3,"296":3,"297":3,"299":3,"300":3,"304":16,"305":0,"306":0,"307":0,"308":0,"309":0,"310":0,"312":0,"313":0,"314":0,"317":0,"318":0,"319":0,"320":0,"321":0,"322":0,"323":0,"324":0,"325":0,"328":0,"329":0,"331":0,"333":0,"335":16,"337":16},"branchMap":{"0":{"type":"branch","line":9,"loc":{"start":{"line":9,"column":0},"end":{"line":20,"column":1}},"locations":[{"start":{"line":9,"column":0},"end":{"line":20,"column":1}}]},"1":{"type":"branch","line":65,"loc":{"start":{"line":65,"column":7},"end":{"line":338,"column":1}},"locations":[{"start":{"line":65,"column":7},"end":{"line":338,"column":1}}]},"2":{"type":"branch","line":95,"loc":{"start":{"line":95,"column":24},"end":{"line":161,"column":3}},"locations":[{"start":{"line":95,"column":24},"end":{"line":161,"column":3}}]},"3":{"type":"branch","line":101,"loc":{"start":{"line":101,"column":13},"end":{"line":101,"column":37}},"locations":[{"start":{"line":101,"column":13},"end":{"line":101,"column":37}}]},"4":{"type":"branch","line":105,"loc":{"start":{"line":105,"column":9},"end":{"line":123,"column":16}},"locations":[{"start":{"line":105,"column":9},"end":{"line":123,"column":16}}]},"5":{"type":"branch","line":150,"loc":{"start":{"line":150,"column":9},"end":{"line":153,"column":16}},"locations":[{"start":{"line":150,"column":9},"end":{"line":153,"column":16}}]},"6":{"type":"branch","line":161,"loc":{"start":{"line":161,"column":2},"end":{"line":164,"column":28}},"locations":[{"start":{"line":161,"column":2},"end":{"line":164,"column":28}}]},"7":{"type":"branch","line":164,"loc":{"start":{"line":164,"column":28},"end":{"line":208,"column":3}},"locations":[{"start":{"line":164,"column":28},"end":{"line":208,"column":3}}]},"8":{"type":"branch","line":208,"loc":{"start":{"line":208,"column":2},"end":{"line":211,"column":27}},"locations":[{"start":{"line":208,"column":2},"end":{"line":211,"column":27}}]},"9":{"type":"branch","line":211,"loc":{"start":{"line":211,"column":20},"end":{"line":211,"column":31}},"locations":[{"start":{"line":211,"column":20},"end":{"line":211,"column":31}}]},"10":{"type":"branch","line":211,"loc":{"start":{"line":211,"column":27},"end":{"line":301,"column":14}},"locations":[{"start":{"line":211,"column":27},"end":{"line":301,"column":14}}]},"11":{"type":"branch","line":289,"loc":{"start":{"line":289,"column":33},"end":{"line":292,"column":16}},"locations":[{"start":{"line":289,"column":33},"end":{"line":292,"column":16}}]},"12":{"type":"branch","line":305,"loc":{"start":{"line":305,"column":29},"end":{"line":334,"column":14}},"locations":[{"start":{"line":305,"column":29},"end":{"line":334,"column":14}}]},"13":{"type":"branch","line":85,"loc":{"start":{"line":85,"column":22},"end":{"line":87,"column":3}},"locations":[{"start":{"line":85,"column":22},"end":{"line":87,"column":3}}]},"14":{"type":"branch","line":136,"loc":{"start":{"line":136,"column":22},"end":{"line":136,"column":59}},"locations":[{"start":{"line":136,"column":22},"end":{"line":136,"column":59}}]},"15":{"type":"branch","line":137,"loc":{"start":{"line":137,"column":23},"end":{"line":139,"column":14}},"locations":[{"start":{"line":137,"column":23},"end":{"line":139,"column":14}}]},"16":{"type":"branch","line":138,"loc":{"start":{"line":138,"column":28},"end":{"line":138,"column":58}},"locations":[{"start":{"line":138,"column":28},"end":{"line":138,"column":58}}]},"17":{"type":"branch","line":138,"loc":{"start":{"line":138,"column":58},"end":{"line":138,"column":71}},"locations":[{"start":{"line":138,"column":58},"end":{"line":138,"column":71}}]},"18":{"type":"branch","line":260,"loc":{"start":{"line":260,"column":31},"end":{"line":286,"column":13}},"locations":[{"start":{"line":260,"column":31},"end":{"line":286,"column":13}}]},"19":{"type":"branch","line":262,"loc":{"start":{"line":262,"column":30},"end":{"line":262,"column":71}},"locations":[{"start":{"line":262,"column":30},"end":{"line":262,"column":71}}]},"20":{"type":"branch","line":268,"loc":{"start":{"line":268,"column":20},"end":{"line":269,"column":63}},"locations":[{"start":{"line":268,"column":20},"end":{"line":269,"column":63}}]},"21":{"type":"branch","line":270,"loc":{"start":{"line":270,"column":24},"end":{"line":271,"column":66}},"locations":[{"start":{"line":270,"column":24},"end":{"line":271,"column":66}}]},"22":{"type":"branch","line":276,"loc":{"start":{"line":276,"column":21},"end":{"line":276,"column":37}},"locations":[{"start":{"line":276,"column":21},"end":{"line":276,"column":37}}]},"23":{"type":"branch","line":276,"loc":{"start":{"line":276,"column":37},"end":{"line":276,"column":56}},"locations":[{"start":{"line":276,"column":37},"end":{"line":276,"column":56}}]}},"b":{"0":[3],"1":[16],"2":[13],"3":[0],"4":[0],"5":[0],"6":[3],"7":[0],"8":[3],"9":[0],"10":[3],"11":[0],"12":[0],"13":[3],"14":[4],"15":[4],"16":[0],"17":[0],"18":[15],"19":[0],"20":[0],"21":[0],"22":[0],"23":[0]},"fnMap":{"0":{"name":"RegexHighlight","decl":{"start":{"line":9,"column":0},"end":{"line":20,"column":1}},"loc":{"start":{"line":9,"column":0},"end":{"line":20,"column":1}},"line":9},"1":{"name":"TransitionTable","decl":{"start":{"line":36,"column":0},"end":{"line":61,"column":1}},"loc":{"start":{"line":36,"column":0},"end":{"line":61,"column":1}},"line":36},"2":{"name":"RegexToNFAPanel","decl":{"start":{"line":65,"column":7},"end":{"line":338,"column":1}},"loc":{"start":{"line":65,"column":7},"end":{"line":338,"column":1}},"line":65},"3":{"name":"handleStart","decl":{"start":{"line":85,"column":22},"end":{"line":87,"column":3}},"loc":{"start":{"line":85,"column":22},"end":{"line":87,"column":3}},"line":85},"4":{"name":"handleReset","decl":{"start":{"line":89,"column":22},"end":{"line":92,"column":3}},"loc":{"start":{"line":89,"column":22},"end":{"line":92,"column":3}},"line":89},"5":{"name":"onClick","decl":{"start":{"line":100,"column":53},"end":{"line":100,"column":91}},"loc":{"start":{"line":100,"column":53},"end":{"line":100,"column":91}},"line":100},"6":{"name":"onChange","decl":{"start":{"line":136,"column":22},"end":{"line":136,"column":59}},"loc":{"start":{"line":136,"column":22},"end":{"line":136,"column":59}},"line":136},"7":{"name":"onKeyDown","decl":{"start":{"line":137,"column":23},"end":{"line":139,"column":14}},"loc":{"start":{"line":137,"column":23},"end":{"line":139,"column":14}},"line":137},"8":{"name":"handleExportFinal","decl":{"start":{"line":167,"column":30},"end":{"line":177,"column":5}},"loc":{"start":{"line":167,"column":30},"end":{"line":177,"column":5}},"line":167},"9":{"name":"onClick","decl":{"start":{"line":266,"column":27},"end":{"line":266,"column":51}},"loc":{"start":{"line":266,"column":27},"end":{"line":266,"column":51}},"line":266}},"f":{"0":3,"1":0,"2":16,"3":3,"4":0,"5":0,"6":4,"7":4,"8":0,"9":0}}
,"/Users/harshpatel/Documents/kcl/year_3/PRJ/code/disso/src/components/conversion/StateSelector.tsx": {"path":"/Users/harshpatel/Documents/kcl/year_3/PRJ/code/disso/src/components/conversion/StateSelector.tsx","all":true,"statementMap":{"0":{"start":{"line":1,"column":0},"end":{"line":1,"column":57}},"1":{"start":{"line":2,"column":0},"end":{"line":2,"column":41}},"3":{"start":{"line":4,"column":0},"end":{"line":4,"column":33}},"4":{"start":{"line":5,"column":0},"end":{"line":5,"column":72}},"6":{"start":{"line":7,"column":0},"end":{"line":7,"column":38}},"7":{"start":{"line":8,"column":0},"end":{"line":8,"column":12}},"8":{"start":{"line":9,"column":0},"end":{"line":9,"column":75}},"10":{"start":{"line":11,"column":0},"end":{"line":11,"column":3}},"12":{"start":{"line":13,"column":0},"end":{"line":13,"column":32}},"14":{"start":{"line":15,"column":0},"end":{"line":15,"column":58}},"15":{"start":{"line":16,"column":0},"end":{"line":16,"column":39}},"16":{"start":{"line":17,"column":0},"end":{"line":17,"column":40}},"17":{"start":{"line":18,"column":0},"end":{"line":18,"column":55}},"18":{"start":{"line":19,"column":0},"end":{"line":19,"column":16}},"19":{"start":{"line":20,"column":0},"end":{"line":20,"column":52}},"20":{"start":{"line":21,"column":0},"end":{"line":21,"column":6}},"21":{"start":{"line":22,"column":0},"end":{"line":22,"column":32}},"22":{"start":{"line":23,"column":0},"end":{"line":23,"column":3}},"24":{"start":{"line":25,"column":0},"end":{"line":25,"column":10}},"25":{"start":{"line":26,"column":0},"end":{"line":26,"column":41}},"26":{"start":{"line":27,"column":0},"end":{"line":27,"column":43}},"27":{"start":{"line":28,"column":0},"end":{"line":28,"column":74}},"28":{"start":{"line":29,"column":0},"end":{"line":29,"column":10}},"29":{"start":{"line":30,"column":0},"end":{"line":30,"column":44}},"30":{"start":{"line":31,"column":0},"end":{"line":31,"column":42}},"31":{"start":{"line":32,"column":0},"end":{"line":32,"column":17}},"32":{"start":{"line":33,"column":0},"end":{"line":33,"column":26}},"33":{"start":{"line":34,"column":0},"end":{"line":34,"column":57}},"34":{"start":{"line":35,"column":0},"end":{"line":35,"column":157}},"36":{"start":{"line":37,"column":0},"end":{"line":37,"column":25}},"37":{"start":{"line":38,"column":0},"end":{"line":38,"column":19}},"38":{"start":{"line":39,"column":0},"end":{"line":39,"column":11}},"39":{"start":{"line":40,"column":0},"end":{"line":40,"column":12}},"40":{"start":{"line":41,"column":0},"end":{"line":41,"column":69}},"42":{"start":{"line":43,"column":0},"end":{"line":43,"column":15}},"43":{"start":{"line":44,"column":0},"end":{"line":44,"column":10}},"45":{"start":{"line":46,"column":0},"end":{"line":46,"column":1}}},"s":{"0":0,"1":0,"3":0,"4":0,"6":0,"7":0,"8":0,"10":0,"12":0,"14":0,"15":0,"16":0,"17":0,"18":0,"19":0,"20":0,"21":0,"22":0,"24":0,"25":0,"26":0,"27":0,"28":0,"29":0,"30":0,"31":0,"32":0,"33":0,"34":0,"36":0,"37":0,"38":0,"39":0,"40":0,"42":0,"43":0,"45":0},"branchMap":{"0":{"type":"branch","line":1,"loc":{"start":{"line":1,"column":1522},"end":{"line":46,"column":1}},"locations":[{"start":{"line":1,"column":1522},"end":{"line":46,"column":1}}]}},"b":{"0":[0]},"fnMap":{"0":{"name":"(empty-report)","decl":{"start":{"line":1,"column":1522},"end":{"line":46,"column":1}},"loc":{"start":{"line":1,"column":1522},"end":{"line":46,"column":1}},"line":1}},"f":{"0":0}}
,"/Users/harshpatel/Documents/kcl/year_3/PRJ/code/disso/src/components/graph/EdgeBendContext.ts": {"path":"/Users/harshpatel/Documents/kcl/year_3/PRJ/code/disso/src/components/graph/EdgeBendContext.ts","all":true,"statementMap":{"0":{"start":{"line":1,"column":0},"end":{"line":1,"column":49}},"7":{"start":{"line":8,"column":0},"end":{"line":8,"column":68}},"8":{"start":{"line":9,"column":0},"end":{"line":9,"column":12}},"9":{"start":{"line":10,"column":0},"end":{"line":10,"column":24}},"10":{"start":{"line":11,"column":0},"end":{"line":11,"column":2}},"12":{"start":{"line":13,"column":0},"end":{"line":13,"column":67}}},"s":{"0":0,"7":0,"8":0,"9":0,"10":0,"12":0},"branchMap":{"0":{"type":"branch","line":1,"loc":{"start":{"line":1,"column":373},"end":{"line":13,"column":67}},"locations":[{"start":{"line":1,"column":373},"end":{"line":13,"column":67}}]}},"b":{"0":[0]},"fnMap":{"0":{"name":"(empty-report)","decl":{"start":{"line":1,"column":373},"end":{"line":13,"column":67}},"loc":{"start":{"line":1,"column":373},"end":{"line":13,"column":67}},"line":1}},"f":{"0":0}}
,"/Users/harshpatel/Documents/kcl/year_3/PRJ/code/disso/src/components/graph/GraphCanvas.tsx": {"path":"/Users/harshpatel/Documents/kcl/year_3/PRJ/code/disso/src/components/graph/GraphCanvas.tsx","all":true,"statementMap":{"0":{"start":{"line":1,"column":0},"end":{"line":1,"column":73}},"1":{"start":{"line":2,"column":0},"end":{"line":2,"column":8}},"14":{"start":{"line":15,"column":0},"end":{"line":15,"column":43}},"15":{"start":{"line":16,"column":0},"end":{"line":16,"column":54}},"16":{"start":{"line":17,"column":0},"end":{"line":17,"column":59}},"17":{"start":{"line":18,"column":0},"end":{"line":18,"column":39}},"18":{"start":{"line":19,"column":0},"end":{"line":19,"column":49}},"19":{"start":{"line":20,"column":0},"end":{"line":20,"column":45}},"20":{"start":{"line":21,"column":0},"end":{"line":21,"column":51}},"24":{"start":{"line":25,"column":0},"end":{"line":25,"column":29}},"25":{"start":{"line":26,"column":0},"end":{"line":26,"column":52}},"26":{"start":{"line":27,"column":0},"end":{"line":27,"column":60}},"27":{"start":{"line":28,"column":0},"end":{"line":28,"column":36}},"29":{"start":{"line":30,"column":0},"end":{"line":30,"column":36}},"30":{"start":{"line":31,"column":0},"end":{"line":31,"column":47}},"31":{"start":{"line":32,"column":0},"end":{"line":32,"column":85}},"34":{"start":{"line":35,"column":0},"end":{"line":35,"column":69}},"35":{"start":{"line":36,"column":0},"end":{"line":36,"column":19}},"36":{"start":{"line":37,"column":0},"end":{"line":37,"column":91}},"37":{"start":{"line":38,"column":0},"end":{"line":38,"column":75}},"38":{"start":{"line":39,"column":0},"end":{"line":39,"column":5}},"39":{"start":{"line":40,"column":0},"end":{"line":40,"column":65}},"40":{"start":{"line":41,"column":0},"end":{"line":41,"column":48}},"43":{"start":{"line":44,"column":0},"end":{"line":44,"column":44}},"44":{"start":{"line":45,"column":0},"end":{"line":45,"column":32}},"45":{"start":{"line":46,"column":0},"end":{"line":46,"column":79}},"46":{"start":{"line":47,"column":0},"end":{"line":47,"column":37}},"47":{"start":{"line":48,"column":0},"end":{"line":48,"column":78}},"49":{"start":{"line":50,"column":0},"end":{"line":50,"column":84}},"50":{"start":{"line":51,"column":0},"end":{"line":51,"column":88}},"51":{"start":{"line":52,"column":0},"end":{"line":52,"column":33}},"53":{"start":{"line":54,"column":0},"end":{"line":54,"column":43}},"54":{"start":{"line":55,"column":0},"end":{"line":55,"column":104}},"55":{"start":{"line":56,"column":0},"end":{"line":56,"column":22}},"56":{"start":{"line":57,"column":0},"end":{"line":57,"column":5}},"57":{"start":{"line":58,"column":0},"end":{"line":58,"column":68}},"58":{"start":{"line":59,"column":0},"end":{"line":59,"column":31}},"59":{"start":{"line":60,"column":0},"end":{"line":60,"column":85}},"60":{"start":{"line":61,"column":0},"end":{"line":61,"column":33}},"63":{"start":{"line":64,"column":0},"end":{"line":64,"column":30}},"64":{"start":{"line":65,"column":0},"end":{"line":65,"column":24}},"65":{"start":{"line":66,"column":0},"end":{"line":66,"column":41}},"66":{"start":{"line":67,"column":0},"end":{"line":67,"column":25}},"67":{"start":{"line":68,"column":0},"end":{"line":68,"column":9}},"70":{"start":{"line":71,"column":0},"end":{"line":71,"column":21}},"71":{"start":{"line":72,"column":0},"end":{"line":72,"column":19}},"72":{"start":{"line":73,"column":0},"end":{"line":73,"column":52}},"73":{"start":{"line":74,"column":0},"end":{"line":74,"column":80}},"74":{"start":{"line":75,"column":0},"end":{"line":75,"column":84}},"75":{"start":{"line":76,"column":0},"end":{"line":76,"column":12}},"77":{"start":{"line":78,"column":0},"end":{"line":78,"column":28}},"78":{"start":{"line":79,"column":0},"end":{"line":79,"column":9}},"79":{"start":{"line":80,"column":0},"end":{"line":80,"column":18}},"80":{"start":{"line":81,"column":0},"end":{"line":81,"column":11}},"81":{"start":{"line":82,"column":0},"end":{"line":82,"column":57}},"82":{"start":{"line":83,"column":0},"end":{"line":83,"column":24}},"83":{"start":{"line":84,"column":0},"end":{"line":84,"column":55}},"84":{"start":{"line":85,"column":0},"end":{"line":85,"column":11}},"85":{"start":{"line":86,"column":0},"end":{"line":86,"column":20}},"86":{"start":{"line":87,"column":0},"end":{"line":87,"column":92}},"87":{"start":{"line":88,"column":0},"end":{"line":88,"column":3}},"89":{"start":{"line":90,"column":0},"end":{"line":90,"column":101}},"92":{"start":{"line":93,"column":0},"end":{"line":93,"column":98}},"93":{"start":{"line":94,"column":0},"end":{"line":94,"column":73}},"96":{"start":{"line":97,"column":0},"end":{"line":97,"column":90}},"97":{"start":{"line":98,"column":0},"end":{"line":98,"column":73}},"98":{"start":{"line":99,"column":0},"end":{"line":99,"column":57}},"99":{"start":{"line":100,"column":0},"end":{"line":100,"column":8}},"101":{"start":{"line":102,"column":0},"end":{"line":102,"column":31}},"102":{"start":{"line":103,"column":0},"end":{"line":103,"column":83}},"103":{"start":{"line":104,"column":0},"end":{"line":104,"column":22}},"104":{"start":{"line":105,"column":0},"end":{"line":105,"column":3}},"107":{"start":{"line":108,"column":0},"end":{"line":108,"column":19}},"108":{"start":{"line":109,"column":0},"end":{"line":109,"column":20}},"109":{"start":{"line":110,"column":0},"end":{"line":110,"column":36}},"110":{"start":{"line":111,"column":0},"end":{"line":111,"column":16}},"111":{"start":{"line":112,"column":0},"end":{"line":112,"column":58}},"112":{"start":{"line":113,"column":0},"end":{"line":113,"column":9}},"113":{"start":{"line":114,"column":0},"end":{"line":114,"column":5}},"115":{"start":{"line":116,"column":0},"end":{"line":116,"column":21}},"117":{"start":{"line":118,"column":0},"end":{"line":118,"column":64}},"118":{"start":{"line":119,"column":0},"end":{"line":119,"column":62}},"119":{"start":{"line":120,"column":0},"end":{"line":120,"column":67}},"120":{"start":{"line":121,"column":0},"end":{"line":121,"column":35}},"121":{"start":{"line":122,"column":0},"end":{"line":122,"column":58}},"122":{"start":{"line":123,"column":0},"end":{"line":123,"column":47}},"123":{"start":{"line":124,"column":0},"end":{"line":124,"column":7}},"124":{"start":{"line":125,"column":0},"end":{"line":125,"column":5}},"125":{"start":{"line":126,"column":0},"end":{"line":126,"column":45}},"126":{"start":{"line":127,"column":0},"end":{"line":127,"column":62}},"127":{"start":{"line":128,"column":0},"end":{"line":128,"column":5}},"128":{"start":{"line":129,"column":0},"end":{"line":129,"column":8}},"130":{"start":{"line":131,"column":0},"end":{"line":131,"column":65}},"131":{"start":{"line":132,"column":0},"end":{"line":132,"column":75}},"134":{"start":{"line":135,"column":0},"end":{"line":135,"column":80}},"135":{"start":{"line":136,"column":0},"end":{"line":136,"column":8}},"136":{"start":{"line":137,"column":0},"end":{"line":137,"column":3}},"137":{"start":{"line":138,"column":0},"end":{"line":138,"column":52}},"139":{"start":{"line":140,"column":0},"end":{"line":140,"column":43}},"140":{"start":{"line":141,"column":0},"end":{"line":141,"column":21}},"141":{"start":{"line":142,"column":0},"end":{"line":142,"column":50}},"142":{"start":{"line":143,"column":0},"end":{"line":143,"column":38}},"143":{"start":{"line":144,"column":0},"end":{"line":144,"column":24}},"144":{"start":{"line":145,"column":0},"end":{"line":145,"column":6}},"145":{"start":{"line":146,"column":0},"end":{"line":146,"column":21}},"146":{"start":{"line":147,"column":0},"end":{"line":147,"column":3}},"148":{"start":{"line":149,"column":0},"end":{"line":149,"column":37}},"149":{"start":{"line":150,"column":0},"end":{"line":150,"column":50}},"150":{"start":{"line":151,"column":0},"end":{"line":151,"column":45}},"151":{"start":{"line":152,"column":0},"end":{"line":152,"column":45}},"153":{"start":{"line":154,"column":0},"end":{"line":154,"column":62}},"154":{"start":{"line":155,"column":0},"end":{"line":155,"column":45}},"155":{"start":{"line":156,"column":0},"end":{"line":156,"column":7}},"157":{"start":{"line":158,"column":0},"end":{"line":158,"column":29}},"158":{"start":{"line":159,"column":0},"end":{"line":159,"column":57}},"159":{"start":{"line":160,"column":0},"end":{"line":160,"column":7}},"160":{"start":{"line":161,"column":0},"end":{"line":161,"column":32}},"161":{"start":{"line":162,"column":0},"end":{"line":162,"column":24}},"162":{"start":{"line":163,"column":0},"end":{"line":163,"column":5}},"163":{"start":{"line":164,"column":0},"end":{"line":164,"column":3}},"165":{"start":{"line":166,"column":0},"end":{"line":166,"column":37}},"166":{"start":{"line":167,"column":0},"end":{"line":167,"column":12}},"167":{"start":{"line":168,"column":0},"end":{"line":168,"column":18}},"168":{"start"
[...]
},"end":{"line":69,"column":10}},"69":{"start":{"line":70,"column":0},"end":{"line":70,"column":24}},"70":{"start":{"line":71,"column":0},"end":{"line":71,"column":50}},"71":{"start":{"line":72,"column":0},"end":{"line":72,"column":18}},"72":{"start":{"line":73,"column":0},"end":{"line":73,"column":36}},"73":{"start":{"line":74,"column":0},"end":{"line":74,"column":7}},"75":{"start":{"line":76,"column":0},"end":{"line":76,"column":24}},"76":{"start":{"line":77,"column":0},"end":{"line":77,"column":14}},"77":{"start":{"line":78,"column":0},"end":{"line":78,"column":17}},"78":{"start":{"line":79,"column":0},"end":{"line":79,"column":14}},"79":{"start":{"line":80,"column":0},"end":{"line":80,"column":23}},"80":{"start":{"line":81,"column":0},"end":{"line":81,"column":45}},"81":{"start":{"line":82,"column":0},"end":{"line":82,"column":38}},"82":{"start":{"line":83,"column":0},"end":{"line":83,"column":51}},"83":{"start":{"line":84,"column":0},"end":{"line":84,"column":17}},"84":{"start":{"line":85,"column":0},"end":{"line":85,"column":12}},"85":{"start":{"line":86,"column":0},"end":{"line":86,"column":10}},"86":{"start":{"line":87,"column":0},"end":{"line":87,"column":7}},"88":{"start":{"line":89,"column":0},"end":{"line":89,"column":26}},"89":{"start":{"line":90,"column":0},"end":{"line":90,"column":14}},"90":{"start":{"line":91,"column":0},"end":{"line":91,"column":17}},"91":{"start":{"line":92,"column":0},"end":{"line":92,"column":14}},"92":{"start":{"line":93,"column":0},"end":{"line":93,"column":23}},"93":{"start":{"line":94,"column":0},"end":{"line":94,"column":66}},"94":{"start":{"line":95,"column":0},"end":{"line":95,"column":10}},"95":{"start":{"line":96,"column":0},"end":{"line":96,"column":7}},"97":{"start":{"line":98,"column":0},"end":{"line":98,"column":29}},"98":{"start":{"line":99,"column":0},"end":{"line":99,"column":14}},"99":{"start":{"line":100,"column":0},"end":{"line":100,"column":17}},"100":{"start":{"line":101,"column":0},"end":{"line":101,"column":14}},"101":{"start":{"line":102,"column":0},"end":{"line":102,"column":23}},"102":{"start":{"line":103,"column":0},"end":{"line":103,"column":52}},"103":{"start":{"line":104,"column":0},"end":{"line":104,"column":42}},"104":{"start":{"line":105,"column":0},"end":{"line":105,"column":12}},"105":{"start":{"line":106,"column":0},"end":{"line":106,"column":10}},"106":{"start":{"line":107,"column":0},"end":{"line":107,"column":29}},"107":{"start":{"line":108,"column":0},"end":{"line":108,"column":55}},"108":{"start":{"line":109,"column":0},"end":{"line":109,"column":18}},"109":{"start":{"line":110,"column":0},"end":{"line":110,"column":41}},"110":{"start":{"line":111,"column":0},"end":{"line":111,"column":7}},"112":{"start":{"line":113,"column":0},"end":{"line":113,"column":29}},"113":{"start":{"line":114,"column":0},"end":{"line":114,"column":14}},"114":{"start":{"line":115,"column":0},"end":{"line":115,"column":17}},"115":{"start":{"line":116,"column":0},"end":{"line":116,"column":14}},"116":{"start":{"line":117,"column":0},"end":{"line":117,"column":23}},"117":{"start":{"line":118,"column":0},"end":{"line":118,"column":55}},"118":{"start":{"line":119,"column":0},"end":{"line":119,"column":38}},"119":{"start":{"line":120,"column":0},"end":{"line":120,"column":51}},"120":{"start":{"line":121,"column":0},"end":{"line":121,"column":17}},"121":{"start":{"line":122,"column":0},"end":{"line":122,"column":12}},"122":{"start":{"line":123,"column":0},"end":{"line":123,"column":10}},"123":{"start":{"line":124,"column":0},"end":{"line":124,"column":7}},"125":{"start":{"line":126,"column":0},"end":{"line":126,"column":24}},"126":{"start":{"line":127,"column":0},"end":{"line":127,"column":14}},"127":{"start":{"line":128,"column":0},"end":{"line":128,"column":17}},"128":{"start":{"line":129,"column":0},"end":{"line":129,"column":56}},"129":{"start":{"line":130,"column":0},"end":{"line":130,"column":7}},"131":{"start":{"line":132,"column":0},"end":{"line":132,"column":24}},"132":{"start":{"line":133,"column":0},"end":{"line":133,"column":14}},"133":{"start":{"line":134,"column":0},"end":{"line":134,"column":17}},"134":{"start":{"line":135,"column":0},"end":{"line":135,"column":32}},"135":{"start":{"line":136,"column":0},"end":{"line":136,"column":33}},"136":{"start":{"line":137,"column":0},"end":{"line":137,"column":29}},"137":{"start":{"line":138,"column":0},"end":{"line":138,"column":7}},"139":{"start":{"line":140,"column":0},"end":{"line":140,"column":34}},"140":{"start":{"line":141,"column":0},"end":{"line":141,"column":14}},"141":{"start":{"line":142,"column":0},"end":{"line":142,"column":17}},"142":{"start":{"line":143,"column":0},"end":{"line":143,"column":40}},"143":{"start":{"line":144,"column":0},"end":{"line":144,"column":7}},"145":{"start":{"line":146,"column":0},"end":{"line":146,"column":24}},"146":{"start":{"line":147,"column":0},"end":{"line":147,"column":58}},"148":{"start":{"line":149,"column":0},"end":{"line":149,"column":29}},"149":{"start":{"line":150,"column":0},"end":{"line":150,"column":63}},"151":{"start":{"line":152,"column":0},"end":{"line":152,"column":20}},"152":{"start":{"line":153,"column":0},"end":{"line":153,"column":14}},"153":{"start":{"line":154,"column":0},"end":{"line":154,"column":17}},"154":{"start":{"line":155,"column":0},"end":{"line":155,"column":156}},"155":{"start":{"line":156,"column":0},"end":{"line":156,"column":29}},"156":{"start":{"line":157,"column":0},"end":{"line":157,"column":7}},"158":{"start":{"line":159,"column":0},"end":{"line":159,"column":21}},"159":{"start":{"line":160,"column":0},"end":{"line":160,"column":14}},"160":{"start":{"line":161,"column":0},"end":{"line":161,"column":17}},"161":{"start":{"line":162,"column":0},"end":{"line":162,"column":30}},"162":{"start":{"line":163,"column":0},"end":{"line":163,"column":30}},"163":{"start":{"line":164,"column":0},"end":{"line":164,"column":35}},"164":{"start":{"line":165,"column":0},"end":{"line":165,"column":29}},"165":{"start":{"line":166,"column":0},"end":{"line":166,"column":7}},"167":{"start":{"line":168,"column":0},"end":{"line":168,"column":33}},"168":{"start":{"line":169,"column":0},"end":{"line":169,"column":59}},"170":{"start":{"line":171,"column":0},"end":{"line":171,"column":12}},"171":{"start":{"line":172,"column":0},"end":{"line":172,"column":18}},"172":{"start":{"line":173,"column":0},"end":{"line":173,"column":3}},"173":{"start":{"line":174,"column":0},"end":{"line":174,"column":1}}},"s":{"8":1,"38":1,"39":1,"40":1,"41":1,"42":1,"43":1,"44":1,"45":1,"47":1,"48":0,"49":0,"50":0,"51":0,"52":0,"53":0,"54":0,"55":0,"56":0,"58":0,"59":0,"60":0,"61":0,"62":0,"63":0,"64":0,"65":0,"66":0,"67":0,"68":0,"69":0,"70":0,"71":0,"72":0,"73":0,"75":0,"76":0,"77":0,"78":0,"79":0,"80":0,"81":0,"82":0,"83":0,"84":0,"85":0,"86":0,"88":0,"89":0,"90":0,"91":0,"92":0,"93":0,"94":0,"95":0,"97":0,"98":0,"99":0,"100":0,"101":0,"102":0,"103":0,"104":0,"105":0,"106":0,"107":0,"108":0,"109":0,"110":0,"112":0,"113":0,"114":0,"115":0,"116":0,"117":0,"118":0,"119":0,"120":0,"121":0,"122":0,"123":0,"125":0,"126":0,"127":0,"128":0,"129":0,"131":0,"132":0,"133":0,"134":0,"135":0,"136":0,"137":0,"139":0,"140":0,"141":0,"142":0,"143":0,"145":0,"146":0,"148":0,"149":0,"151":0,"152":0,"153":0,"154":0,"155":0,"156":0,"158":0,"159":0,"160":0,"161":0,"162":0,"163":0,"164":0,"165":0,"167":0,"168":0,"170":0,"171":0,"172":0,"173":0},"branchMap":{},"b":{},"fnMap":{"0":{"name":"nfaReducer","decl":{"start":{"line":48,"column":7},"end":{"line":174,"column":1}},"loc":{"start":{"line":48,"column":7},"end":{"line":174,"column":1}},"line":48}},"f":{"0":0}}
,"/Users/harshpatel/Documents/kcl/year_3/PRJ/code/disso/src/state/thompsonReducer.ts": {"path":"/Users/harshpatel/Documents/kcl/year_3/PRJ/code/disso/src/state/thompsonReducer.ts","all":false,"statementMap":{"1":{"start":{"line":2,"column":0},"end":{"line":2,"column":53}},"23":{"start":{"line":24,"column":0},"end":{"line":24,"column":52}},"24":{"start":{"line":25,"column":0},"end":{"line":25,"column":16}},"25":{"start":{"line":26,"column":0},"end":{"line":26,"column":12}},"26":{"start":{"line":27,"column":0},"end":{"line":27,"column":12}},"27":{"start":{"line":28,"column":0},"end":{"line":28,"column":22}},"28":{"start":{"line":29,"column":0},"end":{"line":29,"column":21}},"29":{"start":{"line":30,"column":0},"end":{"line":30,"column":26}},"30":{"start":{"line":31,"column":0},"end":{"line":31,"column":14}},"31":{"start":{"line":32,"column":0},"end":{"line":32,"column":1}},"33":{"start":{"line":34,"column":0},"end":{"line":34,"column":32}},"34":{"start":{"line":35,"column":0},"end":{"line":35,"column":23}},"35":{"start":{"line":36,"column":0},"end":{"line":36,"column":24}},"36":{"start":{"line":37,"column":0},"end":{"line":37,"column":18}},"37":{"start":{"line":38,"column":0},"end":{"line":38,"column":24}},"38":{"start":{"line":39,"column":0},"end":{"line":39,"column":21}},"39":{"start":{"line":40,"column":0},"end":{"line":40,"column":61}},"41":{"start":{"line":42,"column":0},"end":{"line":42,"column":19}},"42":{"start":{"line":43,"column":0},"end":{"line":43,"column":65}},"43":{"start":{"line":44,"column":0},"end":{"line":44,"column":40}},"44":{"start":{"line":45,"column":0},"end":{"line":45,"column":73}},"45":{"start":{"line":46,"column":0},"end":{"line":46,"column":7}},"46":{"start":{"line":47,"column":0},"end":{"line":47,"column":14}},"47":{"start":{"line":48,"column":0},"end":{"line":48,"column":17}},"48":{"start":{"line":49,"column":0},"end":{"line":49,"column":26}},"49":{"start":{"line":50,"column":0},"end":{"line":50,"column":30}},"50":{"start":{"line":51,"column":0},"end":{"line":51,"column":14}},"51":{"start":{"line":52,"column":0},"end":{"line":52,"column":28}},"52":{"start":{"line":53,"column":0},"end":{"line":53,"column":27}},"53":{"start":{"line":54,"column":0},"end":{"line":54,"column":32}},"54":{"start":{"line":55,"column":0},"end":{"line":55,"column":20}},"55":{"start":{"line":56,"column":0},"end":{"line":56,"column":7}},"56":{"start":{"line":57,"column":0},"end":{"line":57,"column":5}},"58":{"start":{"line":59,"column":0},"end":{"line":59,"column":29}},"59":{"start":{"line":60,"column":0},"end":{"line":60,"column":54}},"60":{"start":{"line":61,"column":0},"end":{"line":61,"column":29}},"61":{"start":{"line":62,"column":0},"end":{"line":62,"column":14}},"62":{"start":{"line":63,"column":0},"end":{"line":63,"column":17}},"63":{"start":{"line":64,"column":0},"end":{"line":64,"column":37}},"64":{"start":{"line":65,"column":0},"end":{"line":65,"column":60}},"65":{"start":{"line":66,"column":0},"end":{"line":66,"column":7}},"66":{"start":{"line":67,"column":0},"end":{"line":67,"column":5}},"68":{"start":{"line":69,"column":0},"end":{"line":69,"column":23}},"69":{"start":{"line":70,"column":0},"end":{"line":70,"column":56}},"70":{"start":{"line":71,"column":0},"end":{"line":71,"column":50}},"71":{"start":{"line":72,"column":0},"end":{"line":72,"column":44}},"72":{"start":{"line":73,"column":0},"end":{"line":73,"column":46}},"73":{"start":{"line":74,"column":0},"end":{"line":74,"column":7}},"74":{"start":{"line":75,"column":0},"end":{"line":75,"column":14}},"75":{"start":{"line":76,"column":0},"end":{"line":76,"column":17}},"76":{"start":{"line":77,"column":0},"end":{"line":77,"column":36}},"77":{"start":{"line":78,"column":0},"end":{"line":78,"column":27}},"78":{"start":{"line":79,"column":0},"end":{"line":79,"column":32}},"79":{"start":{"line":80,"column":0},"end":{"line":80,"column":7}},"80":{"start":{"line":81,"column":0},"end":{"line":81,"column":5}},"82":{"start":{"line":83,"column":0},"end":{"line":83,"column":23}},"84":{"start":{"line":85,"column":0},"end":{"line":85,"column":54}},"85":{"start":{"line":86,"column":0},"end":{"line":86,"column":29}},"86":{"start":{"line":87,"column":0},"end":{"line":87,"column":14}},"87":{"start":{"line":88,"column":0},"end":{"line":88,"column":17}},"88":{"start":{"line":89,"column":0},"end":{"line":89,"column":36}},"89":{"start":{"line":90,"column":0},"end":{"line":90,"column":32}},"90":{"start":{"line":91,"column":0},"end":{"line":91,"column":7}},"91":{"start":{"line":92,"column":0},"end":{"line":92,"column":5}},"93":{"start":{"line":94,"column":0},"end":{"line":94,"column":17}},"94":{"start":{"line":95,"column":0},"end":{"line":95,"column":40}},"96":{"start":{"line":97,"column":0},"end":{"line":97,"column":12}},"97":{"start":{"line":98,"column":0},"end":{"line":98,"column":18}},"98":{"start":{"line":99,"column":0},"end":{"line":99,"column":3}},"99":{"start":{"line":100,"column":0},"end":{"line":100,"column":1}}},"s":{"1":1,"23":1,"24":1,"25":1,"26":1,"27":1,"28":1,"29":1,"30":1,"31":1,"33":1,"34":3,"35":3,"36":3,"37":3,"38":3,"39":0,"41":3,"42":3,"43":3,"44":0,"45":0,"46":3,"47":3,"48":3,"49":3,"50":3,"51":3,"52":3,"53":3,"54":3,"55":3,"56":3,"58":3,"59":0,"60":0,"61":0,"62":0,"63":0,"64":0,"65":0,"66":0,"68":3,"69":0,"70":0,"71":0,"72":0,"73":0,"74":0,"75":0,"76":0,"77":0,"78":0,"79":0,"80":0,"82":3,"84":0,"85":0,"86":0,"87":0,"88":0,"89":0,"90":0,"91":0,"93":3,"94":0,"96":3,"97":0,"98":3,"99":3},"branchMap":{"0":{"type":"branch","line":34,"loc":{"start":{"line":34,"column":7},"end":{"line":100,"column":1}},"locations":[{"start":{"line":34,"column":7},"end":{"line":100,"column":1}}]},"1":{"type":"branch","line":39,"loc":{"start":{"line":39,"column":4},"end":{"line":40,"column":61}},"locations":[{"start":{"line":39,"column":4},"end":{"line":40,"column":61}}]},"2":{"type":"branch","line":44,"loc":{"start":{"line":44,"column":39},"end":{"line":46,"column":7}},"locations":[{"start":{"line":44,"column":39},"end":{"line":46,"column":7}}]},"3":{"type":"branch","line":59,"loc":{"start":{"line":59,"column":4},"end":{"line":67,"column":5}},"locations":[{"start":{"line":59,"column":4},"end":{"line":67,"column":5}}]},"4":{"type":"branch","line":69,"loc":{"start":{"line":69,"column":4},"end":{"line":81,"column":5}},"locations":[{"start":{"line":69,"column":4},"end":{"line":81,"column":5}}]},"5":{"type":"branch","line":83,"loc":{"start":{"line":83,"column":4},"end":{"line":92,"column":5}},"locations":[{"start":{"line":83,"column":4},"end":{"line":92,"column":5}}]},"6":{"type":"branch","line":94,"loc":{"start":{"line":94,"column":4},"end":{"line":95,"column":40}},"locations":[{"start":{"line":94,"column":4},"end":{"line":95,"column":40}}]},"7":{"type":"branch","line":97,"loc":{"start":{"line":97,"column":4},"end":{"line":98,"column":18}},"locations":[{"start":{"line":97,"column":4},"end":{"line":98,"column":18}}]}},"b":{"0":[3],"1":[0],"2":[0],"3":[0],"4":[0],"5":[0],"6":[0],"7":[0]},"fnMap":{"0":{"name":"thompsonReducer","decl":{"start":{"line":34,"column":7},"end":{"line":100,"column":1}},"loc":{"start":{"line":34,"column":7},"end":{"line":100,"column":1}},"line":34}},"f":{"0":3}}
,"/Users/harshpatel/Documents/kcl/year_3/PRJ/code/disso/src/utils/layoutUtils.ts": {"path":"/Users/harshpatel/Documents/kcl/year_3/PRJ/code/disso/src/utils/layoutUtils.ts","all":true,"statementMap":{"0":{"start":{"line":1,"column":0},"end":{"line":1,"column":34}},"3":{"start":{"line":4,"column":0},"end":{"line":4,"column":21}},"4":{"start":{"line":5,"column":0},"end":{"line":5,"column":22}},"6":{"start":{"line":7,"column":0},"end":{"line":7,"column":36}},"7":{"start":{"line":8,"column":0},"end":{"line":8,"column":16}},"8":{"start":{"line":9,"column":0},"end":{"line":9,"column":16}},"9":{"start":{"line":10,"column":0},"end":{"line":10,"column":31}},"10":{"start":{"line":11,"column":0},"end":{"line":11,"column":37}},"11":{"start":{"line":12,"column":0},"end":{"line":12,"column":27}},"12":{"start":{"line":13,"column":0},"end":{"line":13,"column":35}},"13":{"start":{"line":14,"column":0},"end":{"line":14,"column":3}},"15":{"start":{"line":16,"column":0},"end":{"line":16,"column":38}},"16":{"start":{"line":17,"column":0},"end":{"line":17,"column":35}},"17":{"start":{"line":18,"column":0},"end":{"line":18,"column":14}},"18":{"start":{"line":19,"column":0},"end":{"line":19,"column":23}},"19":{"start":{"line":20,"column":0},"end":{"line":20,"column":16}},"20":{"start":{"line":21,"column":0},"end":{"line":21,"column":17}},"21":{"start":{"line":22,"column":0},"end":{"line":22,"column":16}},"22":{"start":{"line":23,"column":0},"end":{"line":23,"column":16}},"23":{"start":{"line":24,"column":0},"end":{"line":24,"column":4}},"25":{"start":{"line":26,"column":0},"end":{"line":26,"column":29}},"26":{"start":{"line":27,"column":0},"end":{"line":27,"column":66}},"27":{"start":{"line":28,"column":0},"end":{"line":28,"column":3}},"33":{"start":{"line":34,"column":0},"end":{"line":34,"column":21}},"34":{"start":{"line":35,"column":0},"end":{"line":35,"column":71}},"36":{"start":{"line":37,"column":0},"end":{"line":37,"column":20}},"37":{"start":{"line":38,"column":0},"end":{"line":38,"column":42}},"38":{"start":{"line":39,"column":0},"end":{"line":39,"column":31}},"39":{"start":{"line":40,"column":0},"end":{"line":40,"column":30}},"40":{"start":{"line":41,"column":0},"end":{"line":41,"column":36}},"41":{"start":{"line":42,"column":0},"end":{"line":42,"column":33}},"42":{"start":{"line":43,"column":0},"end":{"line":43,"column":12}},"43":{"start":{"line":44,"column":0},"end":{"line":44,"column":36}},"44":{"start":{"line":45,"column":0},"end":{"line":45,"column":40}},"45":{"start":{"line":46,"column":0},"end":{"line":46,"column":35}},"46":{"start":{"line":47,"column":0},"end":{"line":47,"column":11}},"47":{"start":{"line":48,"column":0},"end":{"line":48,"column":34}},"48":{"start":{"line":49,"column":0},"end":{"line":49,"column":33}},"49":{"start":{"line":50,"column":0},"end":{"line":50,"column":45}},"50":{"start":{"line":51,"column":0},"end":{"line":51,"column":9}},"51":{"start":{"line":52,"column":0},"end":{"line":52,"column":7}},"52":{"start":{"line":53,"column":0},"end":{"line":53,"column":5}},"53":{"start":{"line":54,"column":0},"end":{"line":54,"column":10}},"54":{"start":{"line":55,"column":0},"end":{"line":55,"column":31}},"55":{"start":{"line":56,"column":0},"end":{"line":56,"column":40}},"56":{"start":{"line":57,"column":0},"end":{"line":57,"column":43}},"57":{"start":{"line":58,"column":0},"end":{"line":58,"column":7}},"58":{"start":{"line":59,"column":0},"end":{"line":59,"column":5}},"59":{"start":{"line":60,"column":0},"end":{"line":60,"column":3}},"61":{"start":{"line":62,"column":0},"end":{"line":62,"column":17}},"63":{"start":{"line":64,"column":0},"end":{"line":64,"column":45}},"64":{"start":{"line":65,"column":0},"end":{"line":65,"column":31}},"65":{"start":{"line":66,"column":0},"end":{"line":66,"column":12}},"66":{"start":{"line":67,"column":0},"end":{"line":67,"column":14}},"67":{"start":{"line":68,"column":0},"end":{"line":68,"column":17}},"68":{"start":{"line":69,"column":0},"end":{"line":69,"column":42}},"69":{"start":{"line":70,"column":0},"end":{"line":70,"column":43}},"70":{"start":{"line":71,"column":0},"end":{"line":71,"column":8}},"71":{"start":{"line":72,"column":0},"end":{"line":72,"column":5}},"72":{"start":{"line":73,"column":0},"end":{"line":73,"column":4}},"74":{"start":{"line":75,"column":0},"end":{"line":75,"column":40}},"75":{"start":{"line":76,"column":0},"end":{"line":76,"column":1}}},"s":{"0":0,"3":0,"4":0,"6":0,"7":0,"8":0,"9":0,"10":0,"11":0,"12":0,"13":0,"15":0,"16":0,"17":0,"18":0,"19":0,"20":0,"21":0,"22":0,"23":0,"25":0,"26":0,"27":0,"33":0,"34":0,"36":0,"37":0,"38":0,"39":0,"40":0,"41":0,"42":0,"43":0,"44":0,"45":0,"46":0,"47":0,"48":0,"49":0,"50":0,"51":0,"52":0,"53":0,"54":0,"55":0,"56":0,"57":0,"58":0,"59":0,"61":0,"63":0,"64":0,"65":0,"66":0,"67":0,"68":0,"69":0,"70":0,"71":0,"72":0,"74":0,"75":0},"branchMap":{"0":{"type":"branch","line":1,"loc":{"start":{"line":1,"column":1930},"end":{"line":76,"column":1}},"locations":[{"start":{"line":1,"column":1930},"end":{"line":76,"column":1}}]}},"b":{"0":[0]},"fnMap":{"0":{"name":"(empty-report)","decl":{"start":{"line":1,"column":1930},"end":{"line":76,"column":1}},"loc":{"start":{"line":1,"column":1930},"end":{"line":76,"column":1}},"line":1}},"f":{"0":0}}
}
